00000000 a ACHN_DISABLED
00000000 a ACHN_DISABLED
00000000 a ACHN_DISABLED
00000000 a ACHN_DISABLED
00000000 a ACHN_DISABLED
00000000 a CSOUND_CNT
00000000 a C_MASIE_SIZE
00000000 a C_MASIE_SIZE
00000000 a C_MASIE_SIZE
00000000 a C_MASIE_SIZE
00000000 a C_MASI_GVOL
00000000 a C_MASI_GVOL
00000000 a C_MASI_GVOL
00000000 a C_MASI_GVOL
00000000 a C_MASP_NROWS
00000000 a C_MASP_NROWS
00000000 a C_MASP_NROWS
00000000 a C_MASP_NROWS
00000000 a C_MASS_DV
00000000 a C_MASS_DV
00000000 a C_MASS_DV
00000000 a C_MASS_DV
00000000 a C_MAS_LEN
00000000 a C_MAS_LEN
00000000 a C_MAS_LEN
00000000 a C_MAS_LEN
00000000 a C_SAMP
00000000 a C_SAMPLEN_LSTART
00000000 a C_SAMPLEN_LSTART
00000000 a C_SAMPLEN_LSTART
00000000 a C_SAMPLEN_LSTART
00000000 a C_SAMPLE_LEN
00000000 a C_SAMPLE_LEN
00000000 a C_SAMPLE_LEN
00000000 a C_SAMPLE_LEN
00000000 a IT_DCA_CUT
00000000 a IT_DCA_CUT
00000000 a IT_DCA_CUT
00000000 a IT_DCA_CUT
00000000 a IT_DCA_CUT
00000000 a IT_NNA_CUT
00000000 a IT_NNA_CUT
00000000 a IT_NNA_CUT
00000000 a IT_NNA_CUT
00000000 a IT_NNA_CUT
00000000 a MB_OUTPUT
00000000 a MB_SH_VLEVEL
00000000 a MB_SH_VMUL
00000000 a MCA_PERIOD
00000000 a MCA_PERIOD
00000000 a MCA_PERIOD
00000000 a MCA_PERIOD
00000000 a MCA_PERIOD
00000000 a MCH_ALLOC
00000000 a MCH_ALLOC
00000000 a MCH_ALLOC
00000000 a MCH_ALLOC
00000000 a MCH_ALLOC
00000000 a MC_MIX_OUTPUT
00000000 a MC_SH_CNT
00000000 a MIXER_CHN_SAMP
00000000 a MIXER_CHN_SAMP
00000000 a MIXER_CHN_SAMP
00000000 a MIXER_CHN_SAMP
00000000 a MMRFS_MEMORY
00000000 a MMRFS_MEMORY
00000000 a MMRFS_MEMORY
00000000 a MMRFS_MEMORY
00000000 a MMRFS_MEMORY
00000000 a MMRFS_MEMORY
00000000 a MM_SFX_SOURCE
00000000 a MPL_TICK
00000000 a MPL_TICK
00000000 a MPL_TICK
00000000 a MPL_TICK
00000000 a MPL_TICK
00000000 a MPP_GLIS_MEM
00000000 a MPP_PLAY_LOOP
00000000 a MPP_PLAY_LOOP
00000000 a MPP_PLAY_LOOP
00000000 a MPP_PLAY_LOOP
00000000 a MPP_PLAY_LOOP
00000000 a MPP_PLAY_LOOP
00000000 a __end__
00000000 A __sync_synchronize
00000000 a mmrc_flags
00000000 a mmrc_flags
00000000 a mmrc_flags
00000000 a mmrc_flags
00000000 a mmrc_flags
00000000 a mmrc_flags
00000000 a mms_rate
00000000 a mms_rate
00000000 a mms_rate
00000000 a mms_rate
00000000 a mms_rate
00000000 a mms_rate
00000001 a ACHN_RESERVED
00000001 a ACHN_RESERVED
00000001 a ACHN_RESERVED
00000001 a ACHN_RESERVED
00000001 a ACHN_RESERVED
00000001 a C_FLAGS_GS
00000001 a C_FLAGS_GS
00000001 a C_FLAGS_GS
00000001 a C_FLAGS_GS
00000001 a C_MASIE_LSTART
00000001 a C_MASIE_LSTART
00000001 a C_MASIE_LSTART
00000001 a C_MASIE_LSTART
00000001 a C_MASI_FADE
00000001 a C_MASI_FADE
00000001 a C_MASI_FADE
00000001 a C_MASI_FADE
00000001 a C_MASP_DATA
00000001 a C_MASP_DATA
00000001 a C_MASP_DATA
00000001 a C_MASP_DATA
00000001 a C_MASS_PAN
00000001 a C_MASS_PAN
00000001 a C_MASS_PAN
00000001 a C_MASS_PAN
00000001 a C_MAS_INSTN
00000001 a C_MAS_INSTN
00000001 a C_MAS_INSTN
00000001 a C_MAS_INSTN
00000001 a IT_DCA_OFF
00000001 a IT_DCA_OFF
00000001 a IT_DCA_OFF
00000001 a IT_DCA_OFF
00000001 a IT_DCA_OFF
00000001 a IT_NNA_CONT
00000001 a IT_NNA_CONT
00000001 a IT_NNA_CONT
00000001 a IT_NNA_CONT
00000001 a IT_NNA_CONT
00000001 a MB_SH_VSHIFT
00000001 a MCAF_KEYON
00000001 a MCAF_KEYON
00000001 a MCAF_KEYON
00000001 a MCAF_KEYON
00000001 a MCAF_KEYON
00000001 a MCH_CFLAGS
00000001 a MCH_CFLAGS
00000001 a MCH_CFLAGS
00000001 a MCH_CFLAGS
00000001 a MCH_CFLAGS
00000001 a MF_START
00000001 a MF_START
00000001 a MF_START
00000001 a MF_START
00000001 a MF_START
00000001 a MMRFS_DELAY
00000001 a MMRFS_DELAY
00000001 a MMRFS_DELAY
00000001 a MMRFS_DELAY
00000001 a MMRFS_DELAY
00000001 a MMRFS_DELAY
00000001 a MMRF_MEMORY
00000001 a MMRF_MEMORY
00000001 a MMRF_MEMORY
00000001 a MMRF_MEMORY
00000001 a MMRF_MEMORY
00000001 a MMRF_MEMORY
00000001 a MPL_ROW
00000001 a MPL_ROW
00000001 a MPL_ROW
00000001 a MPL_ROW
00000001 a MPL_ROW
00000001 a MPP_PLAY_ONCE
00000001 a MPP_PLAY_ONCE
00000001 a MPP_PLAY_ONCE
00000001 a MPP_PLAY_ONCE
00000001 a MPP_PLAY_ONCE
00000001 a MPP_PLAY_ONCE
00000001 a MP_FORMAT_MAS_INC
00000001 a MP_FORMAT_MAS_INC
00000001 a MP_FORMAT_MAS_INC
00000001 a MP_FORMAT_MAS_INC
00000001 a MP_MIXER_DS_INC
00000001 a MP_MIXER_DS_INC
00000001 a MP_MIXER_DS_INC
00000001 a MP_MIXER_DS_INC
00000001 a TM_SHIFT
00000002 a ACHN_BACKGROUND
00000002 a ACHN_BACKGROUND
00000002 a ACHN_BACKGROUND
00000002 a ACHN_BACKGROUND
00000002 a ACHN_BACKGROUND
00000002 a C_FLAGS_OS
00000002 a C_FLAGS_OS
00000002 a C_FLAGS_OS
00000002 a C_FLAGS_OS
00000002 a C_MASIE_LEND
00000002 a C_MASIE_LEND
00000002 a C_MASIE_LEND
00000002 a C_MASIE_LEND
00000002 a C_MASI_RANDVOL
00000002 a C_MASI_RANDVOL
00000002 a C_MASI_RANDVOL
00000002 a C_MASI_RANDVOL
00000002 a C_MASS_FREQ
00000002 a C_MASS_FREQ
00000002 a C_MASS_FREQ
00000002 a C_MASS_FREQ
00000002 a C_MAS_SAMPN
00000002 a C_MAS_SAMPN
00000002 a C_MAS_SAMPN
00000002 a C_MAS_SAMPN
00000002 a IT_DCA_FADE
00000002 a IT_DCA_FADE
00000002 a IT_DCA_FADE
00000002 a IT_DCA_FADE
00000002 a IT_DCA_FADE
00000002 a IT_NNA_OFF
00000002 a IT_NNA_OFF
00000002 a IT_NNA_OFF
00000002 a IT_NNA_OFF
00000002 a IT_NNA_OFF
00000002 a MB_SH_PLEVEL
00000002 a MCAF_FADE
00000002 a MCAF_FADE
00000002 a MCAF_FADE
00000002 a MCAF_FADE
00000002 a MCAF_FADE
00000002 a MCH_PANNING
00000002 a MCH_PANNING
00000002 a MCH_PANNING
00000002 a MCH_PANNING
00000002 a MCH_PANNING
00000002 a MF_DVOL
00000002 a MF_DVOL
00000002 a MF_DVOL
00000002 a MF_DVOL
00000002 a MF_DVOL
00000002 a MIXER_CF_SOFT
00000002 a MIXER_CF_SOFT
00000002 a MIXER_CF_SOFT
00000002 a MIXER_CF_SOFT
00000002 a MMRFS_RATE
00000002 a MMRFS_RATE
00000002 a MMRFS_RATE
00000002 a MMRFS_RATE
00000002 a MMRFS_RATE
00000002 a MMRFS_RATE
00000002 a MMRF_DELAY
00000002 a MMRF_DELAY
00000002 a MMRF_DELAY
00000002 a MMRF_DELAY
00000002 a MMRF_DELAY
00000002 a MMRF_DELAY
00000002 a MPL_POSITION
00000002 a MPL_POSITION
00000002 a MPL_POSITION
00000002 a MPL_POSITION
00000002 a MPL_POSITION
00000002 a MPP_IT_PORTAMEM
00000002 a MPP_PLAY_JINGLE
00000002 a MPP_PLAY_JINGLE
00000002 a MPP_PLAY_JINGLE
00000002 a MPP_PLAY_JINGLE
00000002 a MPP_PLAY_JINGLE
00000002 a MPP_PLAY_JINGLE
00000003 a ACHN_FOREGROUND
00000003 a ACHN_FOREGROUND
00000003 a ACHN_FOREGROUND
00000003 a ACHN_FOREGROUND
00000003 a ACHN_FOREGROUND
00000003 a C_CNT
00000003 a C_FLAGS_SS
00000003 a C_FLAGS_SS
00000003 a C_FLAGS_SS
00000003 a C_FLAGS_SS
00000003 a C_MASIE_SSTART
00000003 a C_MASIE_SSTART
00000003 a C_MASIE_SSTART
00000003 a C_MASIE_SSTART
00000003 a C_MASI_DCT
00000003 a C_MASI_DCT
00000003 a C_MASI_DCT
00000003 a C_MASI_DCT
00000003 a C_MAS_PATTN
00000003 a C_MAS_PATTN
00000003 a C_MAS_PATTN
00000003 a C_MAS_PATTN
00000003 a IT_NNA_FADE
00000003 a IT_NNA_FADE
00000003 a IT_NNA_FADE
00000003 a IT_NNA_FADE
00000003 a IT_NNA_FADE
00000003 a MB_SH_RESERVED
00000003 a MCH_VOLCMD
00000003 a MCH_VOLCMD
00000003 a MCH_VOLCMD
00000003 a MCH_VOLCMD
00000003 a MCH_VOLCMD
00000003 a MIXER_CHN_CNT
00000003 a MIXER_CHN_CNT
00000003 a MIXER_CHN_CNT
00000003 a MIXER_CHN_CNT
00000003 a MMRFS_FEEDBACK
00000003 a MMRFS_FEEDBACK
00000003 a MMRFS_FEEDBACK
00000003 a MMRFS_FEEDBACK
00000003 a MMRFS_FEEDBACK
00000003 a MMRFS_FEEDBACK
00000003 a MPL_NROWS
00000003 a MPL_NROWS
00000003 a MPL_NROWS
00000003 a MPL_NROWS
00000003 a MPL_NROWS
00000003 a TM_DIV
00000004 a ACHN_CUSTOM
00000004 a ACHN_CUSTOM
00000004 a ACHN_CUSTOM
00000004 a ACHN_CUSTOM
00000004 a ACHN_CUSTOM
00000004 a CSOUND_SAD
00000004 a C_FLAGS_XS
00000004 a C_FLAGS_XS
00000004 a C_FLAGS_XS
00000004 a C_FLAGS_XS
00000004 a C_FREQ
00000004 a C_MASIE_SEND
00000004 a C_MASIE_SEND
00000004 a C_MASIE_SEND
00000004 a C_MASIE_SEND
00000004 a C_MASI_NNA
00000004 a C_MASI_NNA
00000004 a C_MASI_NNA
00000004 a C_MASI_NNA
00000004 a C_MASS_VIT
00000004 a C_MASS_VIT
00000004 a C_MASS_VIT
00000004 a C_MASS_VIT
00000004 a C_MAS_FLAGS
00000004 a C_MAS_FLAGS
00000004 a C_MAS_FLAGS
00000004 a C_MAS_FLAGS
00000004 a C_SAMPLEN_LEN
00000004 a C_SAMPLEN_LEN
00000004 a C_SAMPLEN_LEN
00000004 a C_SAMPLEN_LEN
00000004 a C_SAMPLE_LOOP
00000004 a C_SAMPLE_LOOP
00000004 a C_SAMPLE_LOOP
00000004 a C_SAMPLE_LOOP
00000004 a MB_SH_LEN
00000004 a MCAF_START
00000004 a MCAF_START
00000004 a MCAF_START
00000004 a MCAF_START
00000004 a MCAF_START
00000004 a MCA_FADE
00000004 a MCA_FADE
00000004 a MCA_FADE
00000004 a MCA_FADE
00000004 a MCA_FADE
00000004 a MCH_EFFECT
00000004 a MCH_EFFECT
00000004 a MCH_EFFECT
00000004 a MCH_EFFECT
00000004 a MCH_EFFECT
00000004 a MC_SH_SRC
00000004 a MF_HASVCMD
00000004 a MF_HASVCMD
00000004 a MF_HASVCMD
00000004 a MF_HASVCMD
00000004 a MF_HASVCMD
00000004 a MIXER_CF_SURROUND
00000004 a MIXER_CF_SURROUND
00000004 a MIXER_CF_SURROUND
00000004 a MIXER_CF_SURROUND
00000004 a MIXER_CHN_FREQ
00000004 a MIXER_CHN_FREQ
00000004 a MIXER_CHN_FREQ
00000004 a MIXER_CHN_FREQ
00000004 a MMRFS_PANNING
00000004 a MMRFS_PANNING
00000004 a MMRFS_PANNING
00000004 a MMRFS_PANNING
00000004 a MMRFS_PANNING
00000004 a MMRFS_PANNING
00000004 a MMRF_RATE
00000004 a MMRF_RATE
00000004 a MMRF_RATE
00000004 a MMRF_RATE
00000004 a MMRF_RATE
00000004 a MMRF_RATE
00000004 a MM_SFX_RATE
00000004 a MPL_GV
00000004 a MPL_GV
00000004 a MPL_GV
00000004 a MPL_GV
00000004 a MPL_GV
00000004 a MPV_PATTREAD_P
00000004 a MPV_PATTREAD_P
00000004 a MPV_PATTREAD_P
00000004 a MPV_PATTREAD_P
00000004 a MPV_PATTREAD_P
00000004 a MP_SCHANNELS
00000004 a MP_SCHANNELS
00000004 a MP_SCHANNELS
00000004 a MP_SCHANNELS
00000004 a MP_SCHANNELS
00000004 a MP_SCHANNELS
00000004 a mmrc_memory
00000004 a mmrc_memory
00000004 a mmrc_memory
00000004 a mmrc_memory
00000004 a mmrc_memory
00000004 a mmrc_memory
00000004 a mms_len
00000004 a mms_len
00000004 a mms_len
00000004 a mms_len
00000004 a mms_len
00000004 a mms_len
00000005 a C_FLAGS_DS
00000005 a C_FLAGS_DS
00000005 a C_FLAGS_DS
00000005 a C_FLAGS_DS
00000005 a C_MASIE_NODEC
00000005 a C_MASIE_NODEC
00000005 a C_MASIE_NODEC
00000005 a C_MASIE_NODEC
00000005 a C_MASI_ENVFLAGS
00000005 a C_MASI_ENVFLAGS
00000005 a C_MASI_ENVFLAGS
00000005 a C_MASI_ENVFLAGS
00000005 a C_MASS_VID
00000005 a C_MASS_VID
00000005 a C_MASS_VID
00000005 a C_MASS_VID
00000005 a C_MAS_GV
00000005 a C_MAS_GV
00000005 a C_MAS_GV
00000005 a C_MAS_GV
00000005 a MCH_PARAM
00000005 a MCH_PARAM
00000005 a MCH_PARAM
00000005 a MCH_PARAM
00000005 a MCH_PARAM
00000005 a MMRFS_LEFT
00000005 a MMRFS_LEFT
00000005 a MMRFS_LEFT
00000005 a MMRFS_LEFT
00000005 a MMRFS_LEFT
00000005 a MMRFS_LEFT
00000005 a MPL_SPEED
00000005 a MPL_SPEED
00000005 a MPL_SPEED
00000005 a MPL_SPEED
00000005 a MPL_SPEED
00000006 a C_FLAGS_LS
00000006 a C_FLAGS_LS
00000006 a C_FLAGS_LS
00000006 a C_FLAGS_LS
00000006 a C_MASIE_FILTER
00000006 a C_MASIE_FILTER
00000006 a C_MASIE_FILTER
00000006 a C_MASIE_FILTER
00000006 a C_MASI_PAN
00000006 a C_MASI_PAN
00000006 a C_MASI_PAN
00000006 a C_MASI_PAN
00000006 a C_MASS_VIS
00000006 a C_MASS_VIS
00000006 a C_MASS_VIS
00000006 a C_MASS_VIS
00000006 a C_MAS_SPEED
00000006 a C_MAS_SPEED
00000006 a C_MAS_SPEED
00000006 a C_MAS_SPEED
00000006 a C_VOL
00000006 a MCA_ENVC_VOL
00000006 a MCA_ENVC_VOL
00000006 a MCA_ENVC_VOL
00000006 a MCA_ENVC_VOL
00000006 a MCA_ENVC_VOL
00000006 a MCH_FXMEM
00000006 a MCH_FXMEM
00000006 a MCH_FXMEM
00000006 a MCH_FXMEM
00000006 a MCH_FXMEM
00000006 a MIXER_CHN_VOL
00000006 a MIXER_CHN_VOL
00000006 a MIXER_CHN_VOL
00000006 a MIXER_CHN_VOL
00000006 a MMRFS_RIGHT
00000006 a MMRFS_RIGHT
00000006 a MMRFS_RIGHT
00000006 a MMRFS_RIGHT
00000006 a MMRFS_RIGHT
00000006 a MMRFS_RIGHT
00000006 a MM_SFX_HANDLE
00000006 a MPL_ISPLAYING
00000006 a MPL_ISPLAYING
00000006 a MPL_ISPLAYING
00000006 a MPL_ISPLAYING
00000006 a MPL_ISPLAYING
00000007 a C_MASI_DCA
00000007 a C_MASI_DCA
00000007 a C_MASI_DCA
00000007 a C_MASI_DCA
00000007 a C_MASS_GV
00000007 a C_MASS_GV
00000007 a C_MASS_GV
00000007 a C_MASS_GV
00000007 a C_MAS_TEMPO
00000007 a C_MAS_TEMPO
00000007 a C_MAS_TEMPO
00000007 a C_MAS_TEMPO
00000007 a MCH_NOTE
00000007 a MCH_NOTE
00000007 a MCH_NOTE
00000007 a MCH_NOTE
00000007 a MCH_NOTE
00000007 a MMRFS_INVERSEPAN
00000007 a MMRFS_INVERSEPAN
00000007 a MMRFS_INVERSEPAN
00000007 a MMRFS_INVERSEPAN
00000007 a MMRFS_INVERSEPAN
00000007 a MMRFS_INVERSEPAN
00000007 a MPL_BPM
00000007 a MPL_BPM
00000007 a MPL_BPM
00000007 a MPL_BPM
00000007 a MPL_BPM
00000007 a MPP_XM_VFX_MEM_PANSL
00000008 a CSOUND_TMR
00000008 a C_FLAGS_X
00000008 a C_FLAGS_X
00000008 a C_FLAGS_X
00000008 a C_FLAGS_X
00000008 a C_MASIE_NODES
00000008 a C_MASIE_NODES
00000008 a C_MASIE_NODES
00000008 a C_MASIE_NODES
00000008 a C_MASI_MAP
00000008 a C_MASI_MAP
00000008 a C_MASI_MAP
00000008 a C_MASI_MAP
00000008 a C_MASS_VIR
00000008 a C_MASS_VIR
00000008 a C_MASS_VIR
00000008 a C_MASS_VIR
00000008 a C_MAS_REP
00000008 a C_MAS_REP
00000008 a C_MAS_REP
00000008 a C_MAS_REP
00000008 a C_READ
00000008 a C_SAMPLEN_FORMAT
00000008 a C_SAMPLEN_FORMAT
00000008 a C_SAMPLEN_FORMAT
00000008 a C_SAMPLEN_FORMAT
00000008 a ENVFLAG_A
00000008 a ENVFLAG_A
00000008 a ENVFLAG_A
00000008 a ENVFLAG_A
00000008 a MCAF_UPDATED
00000008 a MCAF_UPDATED
00000008 a MCAF_UPDATED
00000008 a MCAF_UPDATED
00000008 a MCAF_UPDATED
00000008 a MCA_ENVC_PAN
00000008 a MCA_ENVC_PAN
00000008 a MCA_ENVC_PAN
00000008 a MCA_ENVC_PAN
00000008 a MCA_ENVC_PAN
00000008 a MCH_FLAGS
00000008 a MCH_FLAGS
00000008 a MCH_FLAGS
00000008 a MCH_FLAGS
00000008 a MCH_FLAGS
00000008 a MC_SH_TMR
00000008 a MF_HASFX
00000008 a MF_HASFX
00000008 a MF_HASFX
00000008 a MF_HASFX
00000008 a MF_HASFX
00000008 a MIXER_CF_FILTER
00000008 a MIXER_CF_FILTER
00000008 a MIXER_CF_FILTER
00000008 a MIXER_CF_FILTER
00000008 a MIXER_CHN_READ
00000008 a MIXER_CHN_READ
00000008 a MIXER_CHN_READ
00000008 a MIXER_CHN_READ
00000008 a MMRFS_NODRYLEFT
00000008 a MMRFS_NODRYLEFT
00000008 a MMRFS_NODRYLEFT
00000008 a MMRFS_NODRYLEFT
00000008 a MMRFS_NODRYLEFT
00000008 a MMRFS_NODRYLEFT
00000008 a MMRF_FEEDBACK
00000008 a MMRF_FEEDBACK
00000008 a MMRF_FEEDBACK
00000008 a MMRF_FEEDBACK
00000008 a MMRF_FEEDBACK
00000008 a MMRF_FEEDBACK
00000008 a MM_SFX_VOLUME
00000008 a MPL_INSTTABLE
00000008 a MPL_INSTTABLE
00000008 a MPL_INSTTABLE
00000008 a MPL_INSTTABLE
00000008 a MPL_INSTTABLE
00000008 a MPV_AFVOL
00000008 a MPV_AFVOL
00000008 a MPV_AFVOL
00000008 a MPV_AFVOL
00000008 a MPV_AFVOL
00000008 a TIMER_BIT
00000008 a mmrc_delay
00000008 a mmrc_delay
00000008 a mmrc_delay
00000008 a mmrc_delay
00000008 a mmrc_delay
00000008 a mmrc_delay
00000008 a mms_function
00000008 a mms_function
00000008 a mms_function
00000008 a mms_function
00000008 a mms_function
00000008 a mms_function
00000009 a C_SAMPLEN_REP
00000009 a C_SAMPLEN_REP
00000009 a C_SAMPLEN_REP
00000009 a C_SAMPLEN_REP
00000009 a MCH_INST
00000009 a MCH_INST
00000009 a MCH_INST
00000009 a MCH_INST
00000009 a MCH_INST
00000009 a MMRFS_NODRYRIGHT
00000009 a MMRFS_NODRYRIGHT
00000009 a MMRFS_NODRYRIGHT
00000009 a MMRFS_NODRYRIGHT
00000009 a MMRFS_NODRYRIGHT
00000009 a MMRFS_NODRYRIGHT
00000009 a MM_SFX_PANNING
00000009 a MPV_SAMPOFF
00000009 a MPV_SAMPOFF
00000009 a MPV_SAMPOFF
00000009 a MPV_SAMPOFF
00000009 a MPV_SAMPOFF
00000009 a SWI_DIVIDE
00000009 a SWI_DIVIDE
00000009 a SWI_DIVIDE
0000000a a CSOUND_PNT
0000000a a C_MASS_MSLID
0000000a a C_MASS_MSLID
0000000a a C_MASS_MSLID
0000000a a C_MASS_MSLID
0000000a a C_READ_FRAC
0000000a a C_SAMPLEC_DFREQ
0000000a a C_SAMPLEC_DFREQ
0000000a a C_SAMPLEC_DFREQ
0000000a a C_SAMPLEC_DFREQ
0000000a a MCA_ENVC_PIC
0000000a a MCA_ENVC_PIC
0000000a a MCA_ENVC_PIC
0000000a a MCA_ENVC_PIC
0000000a a MCA_ENVC_PIC
0000000a a MC_SH_PNT
0000000a a MMRFS_8BITLEFT
0000000a a MMRFS_8BITLEFT
0000000a a MMRFS_8BITLEFT
0000000a a MMRFS_8BITLEFT
0000000a a MMRFS_8BITLEFT
0000000a a MMRFS_8BITLEFT
0000000a a MM_SFX_SIZE
0000000a a MPV_VOLPLUS
0000000a a MPV_VOLPLUS
0000000a a MPV_VOLPLUS
0000000a a MPV_VOLPLUS
0000000a a MPV_VOLPLUS
0000000a a SFRAC
0000000a a mmrc_rate
0000000a a mmrc_rate
0000000a a mmrc_rate
0000000a a mmrc_rate
0000000a a mmrc_rate
0000000a a mmrc_rate
0000000b a MCH_VIBDEP
0000000b a MCH_VIBDEP
0000000b a MCH_VIBDEP
0000000b a MCH_VIBDEP
0000000b a MCH_VIBDEP
0000000b a MMRFS_16BITLEFT
0000000b a MMRFS_16BITLEFT
0000000b a MMRFS_16BITLEFT
0000000b a MMRFS_16BITLEFT
0000000b a MMRFS_16BITLEFT
0000000b a MMRFS_16BITLEFT
0000000b a MPV_NOTEDELAY
0000000b a MPV_NOTEDELAY
0000000b a MPV_NOTEDELAY
0000000b a MPV_NOTEDELAY
0000000b a MPV_NOTEDELAY
0000000c a CSOUND_LEN
0000000c a C_CVOL
0000000c a C_MASI_ENVELOPES
0000000c a C_MASI_ENVELOPES
0000000c a C_MASI_ENVELOPES
0000000c a C_MASI_ENVELOPES
0000000c a C_MAS_CHANVOL
0000000c a C_MAS_CHANVOL
0000000c a C_MAS_CHANVOL
0000000c a C_MAS_CHANVOL
0000000c a C_SAMPLEN_POINT
0000000c a C_SAMPLEN_POINT
0000000c a C_SAMPLEN_POINT
0000000c a C_SAMPLEN_POINT
0000000c a C_SAMPLE_POINT
0000000c a C_SAMPLE_POINT
0000000c a C_SAMPLE_POINT
0000000c a C_SAMPLE_POINT
0000000c a MCA_AVIB_DEP
0000000c a MCA_AVIB_DEP
0000000c a MCA_AVIB_DEP
0000000c a MCA_AVIB_DEP
0000000c a MCA_AVIB_DEP
0000000c a MCH_VIBSPD
0000000c a MCH_VIBSPD
0000000c a MCH_VIBSPD
0000000c a MCH_VIBSPD
0000000c a MCH_VIBSPD
0000000c a MC_SH_LEN
0000000c a MIXER_CHN_CVOL
0000000c a MIXER_CHN_CVOL
0000000c a MIXER_CHN_CVOL
0000000c a MIXER_CHN_CVOL
0000000c a MMRFS_8BITRIGHT
0000000c a MMRFS_8BITRIGHT
0000000c a MMRFS_8BITRIGHT
0000000c a MMRFS_8BITRIGHT
0000000c a MMRFS_8BITRIGHT
0000000c a MMRFS_8BITRIGHT
0000000c a MPL_SAMPTABLE
0000000c a MPL_SAMPTABLE
0000000c a MPL_SAMPTABLE
0000000c a MPL_SAMPTABLE
0000000c a MPL_SAMPTABLE
0000000c a MPP_XM_VFX_MEM_VS
0000000c a MPV_PANPLUS
0000000c a MPV_PANPLUS
0000000c a MPV_PANPLUS
0000000c a MPV_PANPLUS
0000000c a MPV_PANPLUS
0000000c a mmrc_feedback
0000000c a mmrc_feedback
0000000c a mmrc_feedback
0000000c a mmrc_feedback
0000000c a mmrc_feedback
0000000c a mmrc_feedback
0000000c a mms_format
0000000c a mms_format
0000000c a mms_format
0000000c a mms_format
0000000c a mms_format
0000000c a mms_format
0000000d a MCH_VIBPOS
0000000d a MCH_VIBPOS
0000000d a MCH_VIBPOS
0000000d a MCH_VIBPOS
0000000d a MCH_VIBPOS
0000000d a MMRFS_16BITRIGHT
0000000d a MMRFS_16BITRIGHT
0000000d a MMRFS_16BITRIGHT
0000000d a MMRFS_16BITRIGHT
0000000d a MMRFS_16BITRIGHT
0000000d a MMRFS_16BITRIGHT
0000000d a MPP_XM_VFX_MEM_FVS
0000000e a C_CPAN
0000000e a MCA_AVIB_POS
0000000e a MCA_AVIB_POS
0000000e a MCA_AVIB_POS
0000000e a MCA_AVIB_POS
0000000e a MCA_AVIB_POS
0000000e a MCH_VOLUME
0000000e a MCH_VOLUME
0000000e a MCH_VOLUME
0000000e a MCH_VOLUME
0000000e a MCH_VOLUME
0000000e a MIXER_CHN_CPAN
0000000e a MIXER_CHN_CPAN
0000000e a MIXER_CHN_CPAN
0000000e a MIXER_CHN_CPAN
0000000e a MMRFS_DRYLEFT
0000000e a MMRFS_DRYLEFT
0000000e a MMRFS_DRYLEFT
0000000e a MMRFS_DRYLEFT
0000000e a MMRFS_DRYLEFT
0000000e a MMRFS_DRYLEFT
0000000e a MPP_IT_VFX_MEM
0000000e a MPP_XM_VFX_MEM_GLIS
0000000e a MPV_SIZE
0000000e a MPV_SIZE
0000000e a MPV_SIZE
0000000e a MPV_SIZE
0000000e a MPV_SIZE
0000000e a mmrc_panning
0000000e a mmrc_panning
0000000e a mmrc_panning
0000000e a mmrc_panning
0000000e a mmrc_panning
0000000e a mmrc_panning
0000000f a MCH_CVOLUME
0000000f a MCH_CVOLUME
0000000f a MCH_CVOLUME
0000000f a MCH_CVOLUME
0000000f a MCH_CVOLUME
0000000f a MMRFS_DRYRIGHT
0000000f a MMRFS_DRYRIGHT
0000000f a MMRFS_DRYRIGHT
0000000f a MMRFS_DRYRIGHT
0000000f a MMRFS_DRYRIGHT
0000000f a MMRFS_DRYRIGHT
00000010 a C_SAMPLEN_DATA
00000010 a C_SAMPLEN_DATA
00000010 a C_SAMPLEN_DATA
00000010 a C_SAMPLEN_DATA
00000010 a C_SAMPLE_DATA
00000010 a C_SAMPLE_DATA
00000010 a C_SAMPLE_DATA
00000010 a C_SAMPLE_DATA
00000010 a C_SIZE
00000010 a MCAF_ENVEND
00000010 a MCAF_ENVEND
00000010 a MCAF_ENVEND
00000010 a MCAF_ENVEND
00000010 a MCAF_ENVEND
00000010 a MCA_FVOL
00000010 a MCA_FVOL
00000010 a MCA_FVOL
00000010 a MCA_FVOL
00000010 a MCA_FVOL
00000010 a MCH_PERIOD
00000010 a MCH_PERIOD
00000010 a MCH_PERIOD
00000010 a MCH_PERIOD
00000010 a MCH_PERIOD
00000010 a MC_FETCH_PADDING
00000010 a MC_SH_SIZE
00000010 a MF_NEWINSTR
00000010 a MF_NEWINSTR
00000010 a MF_NEWINSTR
00000010 a MF_NEWINSTR
00000010 a MF_NEWINSTR
00000010 a MIXER_CF_REVERSE
00000010 a MIXER_CF_REVERSE
00000010 a MIXER_CF_REVERSE
00000010 a MIXER_CF_REVERSE
00000010 a MIXER_CHN_SIZE
00000010 a MIXER_CHN_SIZE
00000010 a MIXER_CHN_SIZE
00000010 a MIXER_CHN_SIZE
00000010 a MMRF_PANNING
00000010 a MMRF_PANNING
00000010 a MMRF_PANNING
00000010 a MMRF_PANNING
00000010 a MMRF_PANNING
00000010 a MMRF_PANNING
00000010 a MPL_PATTTABLE
00000010 a MPL_PATTTABLE
00000010 a MPL_PATTTABLE
00000010 a MPL_PATTTABLE
00000010 a MPL_PATTTABLE
00000010 a channelCount
00000010 a mms_timer
00000010 a mms_timer
00000010 a mms_timer
00000010 a mms_timer
00000010 a mms_timer
00000010 a mms_timer
00000011 a MCA_TYPE
00000011 a MCA_TYPE
00000011 a MCA_TYPE
00000011 a MCA_TYPE
00000011 a MCA_TYPE
00000012 a MCA_INST
00000012 a MCA_INST
00000012 a MCA_INST
00000012 a MCA_INST
00000012 a MCA_INST
00000013 a MCA_PANNING
00000013 a MCA_PANNING
00000013 a MCA_PANNING
00000013 a MCA_PANNING
00000013 a MCA_PANNING
00000014 a MCA_VOLUME
00000014 a MCA_VOLUME
00000014 a MCA_VOLUME
00000014 a MCA_VOLUME
00000014 a MCA_VOLUME
00000014 a MCH_BFLAGS
00000014 a MCH_BFLAGS
00000014 a MCH_BFLAGS
00000014 a MCH_BFLAGS
00000014 a MCH_BFLAGS
00000014 a MPL_SONGADR
00000014 a MPL_SONGADR
00000014 a MPL_SONGADR
00000014 a MPL_SONGADR
00000014 a MPL_SONGADR
00000014 a mms_manual
00000014 a mms_manual
00000014 a mms_manual
00000014 a mms_manual
00000014 a mms_manual
00000014 a mms_manual
00000015 a MCA_SAMPLE
00000015 a MCA_SAMPLE
00000015 a MCA_SAMPLE
00000015 a MCA_SAMPLE
00000015 a MCA_SAMPLE
00000015 a mms_size
00000015 a mms_size
00000015 a mms_size
00000015 a mms_size
00000015 a mms_size
00000015 a mms_size
00000016 a MCA_PARENT
00000016 a MCA_PARENT
00000016 a MCA_PARENT
00000016 a MCA_PARENT
00000016 a MCA_PARENT
00000016 a MCH_PNOTE
00000016 a MCH_PNOTE
00000016 a MCH_PNOTE
00000016 a MCH_PNOTE
00000016 a MCH_PNOTE
00000017 a MCA_FLAGS
00000017 a MCA_FLAGS
00000017 a MCA_FLAGS
00000017 a MCA_FLAGS
00000017 a MCA_FLAGS
00000017 a MCH_MEMORY
00000017 a MCH_MEMORY
00000017 a MCH_MEMORY
00000017 a MCH_MEMORY
00000017 a MCH_MEMORY
00000018 a MCA_ENVN_VOL
00000018 a MCA_ENVN_VOL
00000018 a MCA_ENVN_VOL
00000018 a MCA_ENVN_VOL
00000018 a MCA_ENVN_VOL
00000018 a MPL_FLAGS
00000018 a MPL_FLAGS
00000018 a MPL_FLAGS
00000018 a MPL_FLAGS
00000018 a MPL_FLAGS
00000019 a MCA_ENVN_PAN
00000019 a MCA_ENVN_PAN
00000019 a MCA_ENVN_PAN
00000019 a MCA_ENVN_PAN
00000019 a MCA_ENVN_PAN
00000019 a MPL_OLDEFFECTS
00000019 a MPL_OLDEFFECTS
00000019 a MPL_OLDEFFECTS
00000019 a MPL_OLDEFFECTS
00000019 a MPL_OLDEFFECTS
0000001a a MCA_ENVN_PIC
0000001a a MCA_ENVN_PIC
0000001a a MCA_ENVN_PIC
0000001a a MCA_ENVN_PIC
0000001a a MCA_ENVN_PIC
0000001a a MMCB_SONGREQUEST
0000001a a MMCB_SONGREQUEST
0000001a a MMCB_SONGREQUEST
0000001a a MMCB_SONGREQUEST
0000001a a MMCB_SONGREQUEST
0000001a a MMCB_SONGREQUEST
0000001a a MPL_PATTJUMP
0000001a a MPL_PATTJUMP
0000001a a MPL_PATTJUMP
0000001a a MPL_PATTJUMP
0000001a a MPL_PATTJUMP
0000001b a MCA_SFX
0000001b a MCA_SFX
0000001b a MCA_SFX
0000001b a MCA_SFX
0000001b a MCA_SFX
0000001b a MMCB_SAMPREQUEST
0000001b a MMCB_SAMPREQUEST
0000001b a MMCB_SAMPREQUEST
0000001b a MMCB_SAMPREQUEST
0000001b a MMCB_SAMPREQUEST
0000001b a MMCB_SAMPREQUEST
0000001b a MPL_PATTJUMP_ROW
0000001b a MPL_PATTJUMP_ROW
0000001b a MPL_PATTJUMP_ROW
0000001b a MPL_PATTJUMP_ROW
0000001b a MPL_PATTJUMP_ROW
0000001c a MCA_SIZE
0000001c a MCA_SIZE
0000001c a MCA_SIZE
0000001c a MCA_SIZE
0000001c a MCA_SIZE
0000001c a MMCB_DELETESONG
0000001c a MMCB_DELETESONG
0000001c a MMCB_DELETESONG
0000001c a MMCB_DELETESONG
0000001c a MMCB_DELETESONG
0000001c a MMCB_DELETESONG
0000001c a MPL_FPATTDELAY
0000001c a MPL_FPATTDELAY
0000001c a MPL_FPATTDELAY
0000001c a MPL_FPATTDELAY
0000001c a MPL_FPATTDELAY
0000001d a MMCB_DELETESAMPLE
0000001d a MMCB_DELETESAMPLE
0000001d a MMCB_DELETESAMPLE
0000001d a MMCB_DELETESAMPLE
0000001d a MMCB_DELETESAMPLE
0000001d a MMCB_DELETESAMPLE
0000001d a MPL_PATTDELAY
0000001d a MPL_PATTDELAY
0000001d a MPL_PATTDELAY
0000001d a MPL_PATTDELAY
0000001d a MPL_PATTDELAY
0000001e a MMCB_BANKMEMORY
0000001e a MMCB_BANKMEMORY
0000001e a MMCB_BANKMEMORY
0000001e a MMCB_BANKMEMORY
0000001e a MMCB_BANKMEMORY
0000001e a MMCB_BANKMEMORY
0000001e a MPL_PLOOP_ROW
0000001e a MPL_PLOOP_ROW
0000001e a MPL_PLOOP_ROW
0000001e a MPL_PLOOP_ROW
0000001e a MPL_PLOOP_ROW
0000001f a MPL_PLOOP_TIMES
0000001f a MPL_PLOOP_TIMES
0000001f a MPL_PLOOP_TIMES
0000001f a MPL_PLOOP_TIMES
0000001f a MPL_PLOOP_TIMES
00000020 a MB_FETCH_PADDING
00000020 a MCAF_VOLENV
00000020 a MCAF_VOLENV
00000020 a MCAF_VOLENV
00000020 a MCAF_VOLENV
00000020 a MCAF_VOLENV
00000020 a MMRF_LEFT
00000020 a MMRF_LEFT
00000020 a MMRF_LEFT
00000020 a MMRF_LEFT
00000020 a MMRF_LEFT
00000020 a MMRF_LEFT
00000020 a MM_nDSCHANNELS
00000020 a MPL_PLOOP_ADR
00000020 a MPL_PLOOP_ADR
00000020 a MPL_PLOOP_ADR
00000020 a MPL_PLOOP_ADR
00000020 a MPL_PLOOP_ADR
00000024 a MPL_PATTREAD
00000024 a MPL_PATTREAD
00000024 a MPL_PATTREAD
00000024 a MPL_PATTREAD
00000024 a MPL_PATTREAD
00000028 a MCH_SIZE
00000028 a MCH_SIZE
00000028 a MCH_SIZE
00000028 a MCH_SIZE
00000028 a MCH_SIZE
00000028 a MPL_PLOOP_JUMP
00000028 a MPL_PLOOP_JUMP
00000028 a MPL_PLOOP_JUMP
00000028 a MPL_PLOOP_JUMP
00000028 a MPL_PLOOP_JUMP
00000029 a MPL_VALID
00000029 a MPL_VALID
00000029 a MPL_VALID
00000029 a MPL_VALID
00000029 a MPL_VALID
0000002a a MPCB_SONGMESSAGE
0000002a a MPCB_SONGMESSAGE
0000002a a MPCB_SONGMESSAGE
0000002a a MPCB_SONGMESSAGE
0000002a a MPCB_SONGMESSAGE
0000002a a MPCB_SONGMESSAGE
0000002a a MPL_TICKRATE
0000002a a MPL_TICKRATE
0000002a a MPL_TICKRATE
0000002a a MPL_TICKRATE
0000002a a MPL_TICKRATE
0000002b a MPCB_SONGFINISHED
0000002b a MPCB_SONGFINISHED
0000002b a MPCB_SONGFINISHED
0000002b a MPCB_SONGFINISHED
0000002b a MPCB_SONGFINISHED
0000002b a MPCB_SONGFINISHED
0000002c a C_MAS_CHANPAN
0000002c a C_MAS_CHANPAN
0000002c a C_MAS_CHANPAN
0000002c a C_MAS_CHANPAN
0000002c a MPL_SAMPCOUNT
0000002c a MPL_SAMPCOUNT
0000002c a MPL_SAMPCOUNT
0000002c a MPL_SAMPCOUNT
0000002c a MPL_SAMPCOUNT
0000002c a MPL_TICKFRAC
0000002c a MPL_TICKFRAC
0000002c a MPL_TICKFRAC
0000002c a MPL_TICKFRAC
0000002c a MPL_TICKFRAC
0000002e a MPL_MODE
0000002e a MPL_MODE
0000002e a MPL_MODE
0000002e a MPL_MODE
0000002e a MPL_MODE
0000002f a mpl_reserved2
0000002f a mpl_reserved2
0000002f a mpl_reserved2
0000002f a mpl_reserved2
0000002f a mpl_reserved2
00000030 a MPL_MCH_UPDATE
00000030 a MPL_MCH_UPDATE
00000030 a MPL_MCH_UPDATE
00000030 a MPL_MCH_UPDATE
00000030 a MPL_MCH_UPDATE
00000034 a MPL_VOLUME
00000034 a MPL_VOLUME
00000034 a MPL_VOLUME
00000034 a MPL_VOLUME
00000034 a MPL_VOLUME
00000036 a mpl_reserved3
00000036 a mpl_reserved3
00000036 a mpl_reserved3
00000036 a mpl_reserved3
00000036 a mpl_reserved3
00000038 a MPL_SIZE
00000038 a MPL_SIZE
00000038 a MPL_SIZE
00000038 a MPL_SIZE
00000038 a MPL_SIZE
00000040 a MCAF_SUB
00000040 a MCAF_SUB
00000040 a MCAF_SUB
00000040 a MCAF_SUB
00000040 a MCAF_SUB
00000040 a MF_NOTEOFF
00000040 a MF_NOTEOFF
00000040 a MF_NOTEOFF
00000040 a MF_NOTEOFF
00000040 a MF_NOTEOFF
00000040 a MMRF_RIGHT
00000040 a MMRF_RIGHT
00000040 a MMRF_RIGHT
00000040 a MMRF_RIGHT
00000040 a MMRF_RIGHT
00000040 a MMRF_RIGHT
0000004c a C_MAS_ORDER
0000004c a C_MAS_ORDER
0000004c a C_MAS_ORDER
0000004c a C_MAS_ORDER
00000070 a MM_SW_CHUNKLEN
00000080 a CF_START
00000080 a MCAF_EFFECT
00000080 a MCAF_EFFECT
00000080 a MCAF_EFFECT
00000080 a MCAF_EFFECT
00000080 a MCAF_EFFECT
00000080 a MF_NOTECUT
00000080 a MF_NOTECUT
00000080 a MF_NOTECUT
00000080 a MF_NOTECUT
00000080 a MF_NOTECUT
00000080 a MIXER_CF_START
00000080 a MIXER_CF_START
00000080 a MIXER_CF_START
00000080 a MIXER_CF_START
00000080 a MMRF_INVERSEPAN
00000080 a MMRF_INVERSEPAN
00000080 a MMRF_INVERSEPAN
00000080 a MMRF_INVERSEPAN
00000080 a MMRF_INVERSEPAN
00000080 a MMRF_INVERSEPAN
00000083 a TIMER_SETUP
000000c8 a releaseLevel
000000e0 a MM_SW_BUFFERLEN
00000100 a MB_FETCH_SIZE
00000100 a MC_FETCH_SIZE
00000114 a C_MAS_TABLES
00000114 a C_MAS_TABLES
00000114 a C_MAS_TABLES
00000114 a C_MAS_TABLES
00000300 a MIX_CLK
00000380 a MC_MIX_WMEM
00000400 a MMRF_8BITLEFT
00000400 a MMRF_8BITLEFT
00000400 a MMRF_8BITLEFT
00000400 a MMRF_8BITLEFT
00000400 a MMRF_8BITLEFT
00000400 a MMRF_8BITLEFT
00000540 a MC_FETCH
00000650 a MC_SHADOW
00000800 a MMRF_16BITLEFT
00000800 a MMRF_16BITLEFT
00000800 a MMRF_16BITLEFT
00000800 a MMRF_16BITLEFT
00000800 a MMRF_16BITLEFT
00000800 a MMRF_16BITLEFT
00001000 a MIXER_SCALE
00001000 a MIXER_SCALE
00001000 a MIXER_SCALE
00001000 a MIXER_SCALE
00001000 a MMRF_8BITRIGHT
00001000 a MMRF_8BITRIGHT
00001000 a MMRF_8BITRIGHT
00001000 a MMRF_8BITRIGHT
00001000 a MMRF_8BITRIGHT
00001000 a MMRF_8BITRIGHT
00002000 a MB_FETCH
00002000 a MMRF_16BITRIGHT
00002000 a MMRF_16BITRIGHT
00002000 a MMRF_16BITRIGHT
00002000 a MMRF_16BITRIGHT
00002000 a MMRF_16BITRIGHT
00002000 a MMRF_16BITRIGHT
00002120 a MB_SHADOW
00002160 a MB_LEN
00004000 a MMRF_DRYLEFT
00004000 a MMRF_DRYLEFT
00004000 a MMRF_DRYLEFT
00004000 a MMRF_DRYLEFT
00004000 a MMRF_DRYLEFT
00004000 a MMRF_DRYLEFT
00004000 a MMRF_NODRYLEFT
00004000 a MMRF_NODRYLEFT
00004000 a MMRF_NODRYLEFT
00004000 a MMRF_NODRYLEFT
00004000 a MMRF_NODRYLEFT
00004000 a MMRF_NODRYLEFT
00008000 a MMRF_DRYRIGHT
00008000 a MMRF_DRYRIGHT
00008000 a MMRF_DRYRIGHT
00008000 a MMRF_DRYRIGHT
00008000 a MMRF_DRYRIGHT
00008000 a MMRF_DRYRIGHT
00008000 a MMRF_NODRYRIGHT
00008000 a MMRF_NODRYRIGHT
00008000 a MMRF_NODRYRIGHT
00008000 a MMRF_NODRYRIGHT
00008000 a MMRF_NODRYRIGHT
00008000 a MMRF_NODRYRIGHT
00008000 a SOUNDCNT_ENABLE
00080000 a CLK_DIV
02380000 00000150 T __ds7_bootstub
02380150 000000a2 T _blkShelterDldi
023801f4 00000052 T __libc_init_array
02380248 00000056 T build_argv
023802a0 00000056 T crt0ProcessLoadList
023802f8 00000244 T crt0Startup
0238053c 0000004c T crt0CopyMem32
02380588 00000058 T crt0FillMem32
023805e0 00000010 t ___threadInit_veneer
023805f0 00000010 t ___pxiInit_veneer
02380600 00000010 t ___init_veneer
02380610 00000010 t __memcpy_veneer
02380620 a __loadlist_lma
02380620 a __main_lma
0238b324 a __loadlist_start
0238b33c a __loadlist_end
02e80000 a __twl_lma
02e80000 a __twl_loadlist_lma
02e87530 a __twl_loadlist_start
02e8753c a __twl_loadlist_end
02fcc000 t __main_start
02fcc000 T _init
02fcc00c t __do_global_dtors_aux
02fcc038 t frame_dummy
02fcc05c T ST3_FREQTABLE
02fcc074 t mpp_TABLE_LinearSlideUpTable
02fcc278 t mpp_TABLE_LinearSlideDownTable
02fcc47c T IT_PitchTable
02fcc65c t mpp_TABLE_FineLinearSlideUpTable
02fcc67c t mpp_TABLE_FineLinearSlideDownTable
02fcc69c t mpp_TABLE_FineSineData
02fcc79c 000000bc t _pmJumpToNextApp
02fcc858 00000040 t _pmJumpToBootstub
02fcc898 0000000c W __call_exitprocs
02fcc8a4 00000022 T exit
02fcc8c8 0000002e T __libc_fini_array
02fcc8f8 00000014 T _exit
02fcc90c 0000004c T mwlCalibLoad
02fcc958 000000b4 t _mwlRfInit
02fcca0c 0000005c T mwlDevWakeUp
02fcca68 00000124 T mwlDevSetChannel
02fccb8c 0000008c T mwlDevSetMode
02fccc18 00000064 T mwlDevSetBssid
02fccc7c 00000024 T mwlDevSetSsid
02fccca0 00000040 T mwlDevSetPreamble
02fccce0 000000cc T mwlDevReset
02fccdac 00000074 T mwlDevSetAuth
02fcce20 00000048 T mwlDevShutdown
02fcce68 0000009c T _mwlMgmtMakeProbeReq
02fccf04 000000a4 T _mwlMgmtMakeAuth
02fccfa8 000000d8 T _mwlMgmtMakeAssocReq
02fcd080 00000064 T _mwlMgmtMakeDeauth
02fcd0e4 T _fini
02fcd0f0 00000010 t ___mwlBbpRead_veneer
02fcd100 00000010 t __memcpy_veneer
02fcd110 00000010 t ___mwlRfCmd_veneer
02fcd120 00000010 t ___mwlBbpWrite_veneer
02fcd130 00000010 t __memset_veneer
02fcd140 00000010 t __pmReadNvram_veneer
02fcd150 00000010 t __threadSleepTicks_veneer
02fcd160 00000010 t __netbufAlloc_veneer
02fcd170 00000010 t ____syscall_exit_veneer
02fcd180 00000010 t __svcGetCRC16_veneer
02fcd190 00000064 t s_mwlMacInitRegs
02fcd1f4 00000020 t s_mwlRfMacRegs
02fcd214 r __EH_FRAME_BEGIN__
02fcd214 r __FRAME_END__
02fcd218 d __frame_dummy_init_array_entry
02fcd218 d __init_array_start
02fcd218 d __preinit_array_end
02fcd218 d __preinit_array_start
02fcd21c d __do_global_dtors_aux_fini_array_entry
02fcd21c d __fini_array_start
02fcd21c d __init_array_end
02fcd220 d __fini_array_end
02fcd220 d __main_end
02fcd220 000001d6 B g_mwlCalibData
02fcd3f8 00000004 b s_mwlRfBkReg
02fcd3fc t __heap_start
02fcd3fc b __main_bss_end
02ff4000 t __heap_end
0361f0ea a MOD_FREQ_DIVIDER_PAL
0369d800 a S3M_FREQ_DIVIDER
0369e994 a MOD_FREQ_DIVIDER_NTSC
037c0000 t __twl_start
037c0000 00000038 T irqSet2
037c0038 00000070 T threadIrqWait2
037c00a8 00000054 t _micReadSampleTwl
037c00fc 00000074 t _micDmaIsr
037c0170 0000009c T scfgSetMcPower
037c020c 00000028 t _i2cSelectDevice
037c0234 00000040 t _i2cSelectRegister
037c0274 00000038 t _i2cStop.part.0
037c02ac 0000000c T _i2cSetMcuDelay
037c02b8 000000a0 T i2cWriteRegister8
037c0358 000000ac T i2cReadRegister8
037c0404 00000096 t _mcuThread
037c049c 00000030 T mcuInit
037c04cc 00000028 T mcuStartThread
037c04f4 0000003c T mcuIrqSet
037c0530 0000002e T mcuIssueReset
037c0560 00000026 T mcuIssueShutdown
037c0588 00000054 t _cdcRawReadByte
037c05dc 0000003c t _cdcRawWriteByte
037c0618 00000028 t _cdcSelectPage
037c0640 0000003c T cdcReadReg
037c067c 00000040 T cdcWriteReg
037c06bc 00000050 T cdcWriteRegMask
037c070c 000000ac T cdcReadRegArray
037c07b8 00000088 T cdcTscInit
037c0840 0000015a T cdcTscReadTouch
037c099c 00000098 T cdcMicSetAmp
037c0a34 00000038 T gpioSetWlModule
037c0a6c 00000084 t _twlblkAesPrepare
037c0af0 0000003c t _twlblkAesDmaXferRecv
037c0b2c 0000003c t _twlblkAesDmaXferSend
037c0b68 00000018 t _sdmcIrqHandler
037c0b80 00000038 t _twlblkAesDmaFinish.isra.0
037c0bb8 000000ac t _twlblkAesDmaWrite
037c0c64 000000ac t _twlblkAesDmaRead
037c0d10 00000070 t _twlblkDmaWrite
037c0d80 00000070 t _twlblkDmaRead
037c0df0 000000a8 T twlblkInit
037c0e98 00000050 T twlSdInit
037c0ee8 000000d8 T twlNandInit
037c0fc0 00000008 T twlSdIsInserted
037c0fc8 00000044 T twlSdReadSectors
037c100c 00000044 T twlSdWriteSectors
037c1050 00000044 T twlNandReadSectors
037c1094 00000044 T twlNandWriteSectors
037c10d8 00000090 T twlNandReadSectorsAes
037c1168 00000090 T twlNandWriteSectorsAes
037c11f8 00000048 t _twlwifiOnScanComplete
037c1240 00000118 t _twlwifiWpaInstallKey
037c1358 00000018 t _twlwifiWpaAllocPacket
037c1370 00000064 t _twlwifiOnDisassoc
037c13d4 00000094 t _twlwifiOnAssoc
037c1468 00000114 t _twlwifiOnBssInfo
037c157c 00000018 t _sdioIrqHandler
037c1594 0000009c t _twlwifiSdioDma
037c1630 00000050 t _twlwifiRx
037c1680 000002c0 T twlwifiInit
037c1940 000001c4 T twlwifiStartScan
037c1b04 00000364 T twlwifiAssociate
037c1e68 00000054 T twlwifiDisassociate
037c1ebc 00000088 T twlwifiExit
037c1f44 00000030 T twlwifiTx
037c1f74 00000008 t _twlwifiWpaTx
037c1f7c 00000084 t _wpaRsnSnagGtk
037c2000 00000088 t _wpaEapolCalcMic
037c2088 00000140 t _wpaEapolCreateReplyPacket
037c21c8 00000104 t _wpaPairwiseHandshake34
037c22cc 000000dc t _wpaGroupHandshake
037c23a8 00000090 T wpaPseudoRandomFunction
037c2438 00000184 t _wpaPairwiseHandshake12
037c25bc 0000011c T wpaAesUnwrap
037c26d8 00000028 T wpaPrepare
037c2700 0000002c T wpaReset
037c272c 000002c4 T wpaSupplicantThreadMain
037c29f0 00000104 T wpaHmacSha1
037c2af4 000000cc T wpaGenerateEapolNonce
037c2bc0 00000340 T wpaAesSetEncryptKey
037c2f00 00000020 T wpaAesSetDecryptKey
037c2f20 00000128 t _armAesSetEncToDecKey
037c3048 00000104 T wpaAesDecrypt
037c314c 000001f8 t _armAesDecryptImpl
037c3344 00000004 T svcSha1InitTWL
037c3348 00000004 T svcSha1UpdateTWL
037c334c 00000004 T svcSha1DigestTWL
037c3350 00000004 T svcSha1CalcTWL
037c3354 00000084 t tmioAckPortCardIrq.part.0
037c33d8 000000b0 T tmioInit
037c3488 0000006c T tmioSetPortCardIrqHandler
037c34f4 0000000c T tmioAckPortCardIrq
037c3500 0000025c T tmioIrqHandler
037c375c 000003b0 T tmioThreadMain
037c3b0c 00000088 T tmioTransact
037c3b94 00000034 T tmioThreadCancel
037c3bc8 00000090 T tmioXferRecvByCpu
037c3c58 00000088 T tmioXferSendByCpu
037c3ce0 00000048 T tmioDecodeTranSpeed
037c3d28 0000006c t _sdmmcTransact
037c3d94 00000068 t _sdmmcCardReadWriteSectors
037c3dfc 0000051c T sdmmcCardInit
037c4318 000001d4 T sdmmcCardInitFromState
037c44ec 00000138 T sdmmcCardDumpState
037c4624 00000020 T sdmmcCardReadSectors
037c4644 00000020 T sdmmcCardWriteSectors
037c4664 00000108 t _sdioCardReadWriteExtended
037c476c 0000009c T sdioCardReadDirect
037c4808 000000a8 T sdioCardWriteDirect
037c48b0 00000540 T sdioCardInit
037c4df0 000000a4 T sdioCardSetIrqEnable
037c4e94 00000040 T sdioCardReadExtended
037c4ed4 00000040 T sdioCardWriteExtended
037c4f14 00000024 t _ar6kCardIrqHandler
037c4f38 0000005c t _ar6kDevSetAddrWinReg
037c4f94 00000038 t _ar6kWmiAllocPacket.constprop.0
037c4fcc 00000034 T ar6kDevThreadCancel
037c5000 00000050 T ar6kDevReadRegDiag
037c5050 0000005c T ar6kDevWriteRegDiag
037c50ac 00000060 T _ar6kDevSetIrqEnable
037c510c 0000008c T _ar6kDevPollMboxMsgRecv
037c5198 00000030 T _ar6kDevSendPacket
037c51c8 00000030 T _ar6kDevRecvPacket
037c51f8 00000078 t _ar6kHtcWaitforControlMessage
037c5270 00000074 T ar6kBmiBufferSend
037c52e4 00000028 T ar6kBmiBufferRecv
037c530c 00000024 T ar6kBmiDone
037c5330 000000a4 T ar6kBmiWriteMemory
037c53d4 0000002c T ar6kBmiWriteSocReg
037c5400 000000a4 T ar6kBmiGetTargetInfo
037c54a4 00000128 T _ar6kHtcSendPacket
037c55cc 0000005c t _ar6kWmiSendCmdPacket
037c5628 0000004c T ar6kHtcInit
037c5674 000000ec T ar6kHtcConnectService
037c5760 00000030 T ar6kHtcSetupComplete
037c5790 00000368 T ar6kDevInit
037c5af8 00000280 T _ar6kWmiEventRx
037c5d78 00000114 T _ar6kWmiDataRx
037c5e8c 00000290 T _ar6kHtcRecvMessagePendingHandler
037c611c 000000e8 T ar6kDevThreadMain
037c6204 00000158 T ar6kWmiTx
037c635c 00000030 T ar6kWmiSimpleCmd
037c638c 00000038 T ar6kWmiSimpleCmdWithParam8
037c63c4 00000038 T ar6kWmiSimpleCmdWithParam32
037c63fc 0000005c T ar6kWmiConnect
037c6458 00000040 T ar6kWmiCreatePstream
037c6498 00000050 T ar6kWmiStartScan
037c64e8 0000004c T ar6kWmiSetScanParams
037c6534 0000003c T ar6kWmiSetBssFilter
037c6570 00000040 T ar6kWmiSetProbedSsid
037c65b0 000000d8 T ar6kWmiSetChannelParams
037c6688 00000040 T ar6kWmiAddCipherKey
037c66c8 0000004c T ar6kWmiSetFrameRate
037c6714 00000044 T ar6kWmiSetBitRate
037c6758 00000048 T ar6kWmixConfigDebugModuleCmd
037c67a0 000000a8 T ar6kWmiStartup
037c6848 0000000c t __tickGetCount_from_arm
037c6854 00000008 t ____aeabi_uidiv_from_thumb
037c685c 0000000c t __i2cReadRegister8_from_arm
037c6868 0000000c t __memcmp_from_arm
037c6874 0000000c t __threadPrepare_from_arm
037c6880 0000000c t ___netbufRx_from_arm
037c688c 0000000c t __threadSleepTicks_from_arm
037c6898 0000000c t __memset_from_arm
037c68a4 0000000c t __wlanFindRsnOrWpaIe_from_arm
037c68b0 0000000c t __wlanFindOrAddBss_from_arm
037c68bc 0000000c t __mailboxRecv_from_arm
037c68c8 0000000c t __svcSha1UpdateTWL_from_arm
037c68d4 0000000c t ____popcountsi2_from_arm
037c68e0 0000000c t __irqSet2_from_arm
037c68ec 0000000c t __svcSha1CalcTWL_from_arm
037c68f8 0000000c t __gpioSetWlModule_from_arm
037c6904 0000000c t __memcpy_from_arm
037c6910 0000000c t __mailboxTrySend_from_arm
037c691c 0000000c t __mutexUnlock_from_arm
037c6928 0000000c t __threadJoin_from_arm
037c6934 0000000c t __svcSha1DigestTWL_from_arm
037c6940 0000000c t ____bswapsi2_from_arm
037c694c 0000000c t __svcSha1InitTWL_from_arm
037c6958 0000000c t __netbufFree_from_arm
037c6964 0000000c t __wlanParseBeacon_from_arm
037c6970 0000000c t __mutexLock_from_arm
037c697c 0000000c t __threadStart_from_arm
037c6988 0000000c t __i2cWriteRegister8_from_arm
037c6994 0000000c t __netbufAlloc_from_arm
037c6a10 00000014 t dummy_scan_params.0
037c6a24 00000004 t cipher.1
037c6a28 00000004 t authtype.2
037c6a2c 00000003 t key_length.3
037c6a30 00000040 t pstream_params.4
037c6a70 00000014 t dummy_scan_params.5
037c6a84 00000023 t dummy_probed_ssid.6
037c6aa7 00000006 t s_macAny
037c6ac4 00000540 t _armAesTableEncode
037c7004 00000500 t _armAesTableDecode
037c7504 00000010 t multipliers.0
037c7514 00000008 t units.1
037c752c t __twl_end
037c752c 00000001 d s_cdcCurPage
037c7530 00000004 b s_i2cMcuDelay
037c7534 00000004 b s_i2cDelay
037c7538 00000004 B g_i2cMutex
037c753c 00000020 b s_mcuIrqTable
037c7560 00000200 b s_mcuThreadStack
037c7760 00000070 b s_mcuThread
037c77d0 00000001 B g_mcuPwrBtnState
037c77d4 00000010 b s_sdmcNandAesIv
037c77e4 00000038 b s_sdmcDevNand
037c781c 00000038 b s_sdmcDevSd
037c7858 00000400 b s_sdmcThreadStack
037c7c58 00000070 b s_sdmcThread
037c7cc8 00000010 b s_sdmcCtlBuf
037c7cd8 00000028 b s_sdmcCtl
037c7d00 0000000c b s_assocVars
037c7d0c 00000018 b s_scanVars
037c7d24 00000020 b s_wpaIeBuf
037c7d48 000000d0 b s_wpaState
037c7e18 00000820 b s_ar6kWorkBuf
037c8638 00000070 b s_ar6kDev
037c86a8 00000014 b s_sdioCard
037c86c0 00000800 b s_wpaSupplicantThreadStack
037c8ec0 00000070 b s_wpaSupplicantThread
037c8f30 00000800 b s_sdioIrqThreadStack
037c9730 00000070 b s_sdioIrqThread
037c97a0 00000400 b s_sdioThreadStack
037c9ba0 00000070 b s_sdioThread
037c9c10 00000008 b s_sdioCtlBuf
037c9c18 00000028 b s_sdioCtl
037c9c40 00000008 b s_tmioTxEndQueue
037c9c48 00000008 b s_tmioIrqQueue
037c9c50 00000008 b s_ar6kCreditWaitList
037c9c58 b __twl_bss_end
037f8000 t __wram_start
037f8000 00000088 T main
037f8088 00000024 t _mmEventForwarder
037f80ac 00000020 t _mmPxiHandler
037f80cc 00000048 t _mmTimerIsr
037f8114 00000124 t _mmProcessPxiCmd.isra.0
037f8238 000000ec t _mmProcessComms
037f8324 00000098 t _mmThreadMain
037f83bc 0000002c T mmInstall
037f83e8 T mpp_call_r7
037f83ea T mpp_call_r1
037f83ec T mpp_call_r2
037f83ee T mpp_call_r3
037f83f0 T mmSetEventHandler
037f83fc T mmResetEffects
037f8410 t mmGetFreeEffectChannel
037f8416 t .channel_search
037f841e t .found_channel
037f8424 t .found_valid_channel
037f8428 T mmEffect
037f843e T mmEffectEx
037f8468 t .generate_new_handle
037f8480 t .got_handle
037f8516 t .invalid_sample
037f851a t .valid_sample
037f8522 t .no_available_channels
037f852a t mme_get_channel_index
037f854a t .invalid_handle
037f8550 T mmEffectActive
037f8560 t .active
037f8566 t mme_clear_channel
037f8584 T mmEffectVolume
037f85a0 T mmEffectPanning
037f85b4 T mmEffectRate
037f85c8 T mmEffectCancel
037f8602 T mmEffectRelease
037f8628 T mmEffectScaleRate
037f863c T mmSetEffectsVolume
037f864a T mmEffectCancelAll
037f8658 t .mmeca_process
037f8678 t .mmeca_next
037f868a T mmUpdateEffects
037f8698 t .process_channel
037f86be t .next_channel
037f86d4 t .build_new_bitmask
037f8724 t mpp_resetchannels
037f8756 t .mpic_loop3
037f8760 t .mpic_loop4
037f8768 t .mpic_l3_skip
037f8774 T mm_reset_channels
037f87a8 t mpp_suspend
037f87b6 t .mpps_loop
037f87c0 t .mpps_next
037f87ca T mmStart
037f87cc t .mpps_backdoor
037f87de T mmJingle
037f87e4 T mmPlayModule
037f8858 t .cvol_setup
037f886e t .cpan_setup
037f88ac T mmPause
037f88c8 T mmResume
037f88d8 T mmActive
037f88de T mmActiveSub
037f88e4 T mmSetModuleVolume
037f88f4 T mmSetJingleVolume
037f8904 t mppStop
037f8930 T mmGetPositionTick
037f8936 T mmGetPositionRow
037f893c T mmGetPosition
037f8942 T mmPosition
037f895c T mmSetModuleTempo
037f898e T mmSetModulePitch
037f89d0 T mmSetResolution
037f8a00 T mmStop
037f8a12 t mpp_resetvars
037f8a1c t mpp_setbpm
037f8a54 t mpp_setposition
037f8a56 t mpp_setpositionA
037f8a68 t .mpsp_skippatt
037f8a9a t .mpsp_endsong
037f8ac2 t mppUpdateLayer
037f8ae8 T mmPulse
037f8b48 T mppProcessTick
037f8b7e t .mpp_pt_skippatternread
037f8b94 t pchannel_loop_first
037f8b9e t pchannel_empty
037f8baa t pchannel_loop_other
037f8bb4 t pchannel_empty2
037f8bbe t pchannel_loop_finished
037f8bc4 t .mpp_pt_achn_loop
037f8be8 t .mpp_pt_achn_disabled
037f8be8 t .mpp_pt_achn_next
037f8c2c t mppProcessTick_incframe
037f8c44 t .mppt_nofpd
037f8c48 t .mppt_continuerow
037f8c4c t .mppt_nextrow
037f8c5a t .mppt_nopd
037f8c7a t .mppt_pj_no_offset
037f8c7c t .mppt_no_pj
037f8c96 t .mppt_no_ploop
037f8ca2 t .mppt_nextposition
037f8cac t .mppt_continuepattern
037f8cae t .mppt_exit
037f8cb4 t .mppt_exita
037f8cc4 T mpp_Channel_NewNote
037f8cf6 t .mppt_DCT_TABLE
037f8cfe t .mppt_DCT_NOTE
037f8d0e t .mppt_DCT_SAMP
037f8d1e t .mppt_DCT_INST
037f8d26 t .mppt_DCA
037f8d32 t .mppt_DCNA
037f8d3c t .mppt_NNA_TABLE
037f8d44 t .mppt_NNA_CUT
037f8d54 t .mppt_NNA_CONTINUE
037f8d5a t .mppt_NNA_OFF
037f8d68 t .mppt_NNA_FADE
037f8d74 t .mppt_NNA_FINISHED
037f8d74 t .mppt_alloc_channel
037f8d96 t .mppt_samechannel
037f8d96 t .mppt_skipnna
037f8da4 t mpp_Channel_GetACHN
037f8dc0 t mpp_Update_ACHN
037f8dcc T mpp_Update_ACHN_notest
037f8dce t .mpp_achn_update
037f8df8 t .mppt_achn_ve_enabled
037f8e20 t .mpph_volenv_notend
037f8e2c t .mpph_volenv_notefade
037f8e32 t .mpph_volenv_normal
037f8e44 t .mppt_no_volenv
037f8e62 t .mppt_has_volenv
037f8e88 t .mppt_no_panenv
037f8eb4 t .mppt_pitchenv_minus
037f8eba t .mppt_pitchenv_plus
037f8ebe t .mppt_no_pitchenv
037f8ee0 t .mppt_achn_fadeout_clip
037f8ee2 t .mppt_achn_keyon
037f8ee2 t .mppt_achn_nofade
037f8f04 t .mppt_av_depclip
037f8f20 t .mppt_av_plus
037f8f2a t .mppt_av_minus
037f8f32 t .mppt_av_finished
037f8f34 t .mppt_achn_noinst
037f8f34 t .mppt_av_disabled
037f8f46 t .mppt_achn_start
037f8f64 t .mppt_achn_direct_sample
037f8f76 t .mppt_achn_msl_sample
037f8f8e t .mppt_achn_gotsample
037f8f94 t .mppt_achn_nostart
037f8fb0 t .mppt_achn_linearfreqs
037f8fd4 t .mppt_achn_amigafreqs
037f8ff4 t .mppt_achn_setvolume
037f8ffe t .mppt_achn_setvolumeA
037f9040 t .mppt_achn_badinstrument
037f9068 t .mppt_achn_not_audible
037f9082 t .mpp_achn_noparent
037f9088 t .mppt_achn_audible
037f90c0 t .mpp_achn_clippan1
037f90c6 t .mpp_achn_clippan2
037f90d2 t .mpp_achn_updated
037f9108 t mpph_ProcessEnvelope
037f911a t .mpph_pe_new
037f9144 t .mpph_pe_between
037f914e t .mpph_count
037f915c t .mpph_pe_exit
037f9160 t mpp_PatternPointer
037f916e t mpp_effect_memmap_xm
037f918d t mpp_effect_memmap_it
037f91a8 t mpp_Channel_ExchangeMemory
037f91a8 t mpp_veffect_memmap_it
037f91ca t mpp_Channel_ExchangeGxx
037f91ca T mpp_Process_VolumeCommand
037f91da t .mppuv_it
037f91f6 t .mppuv_exit1
037f91f8 t .mppuv_setvol
037f91fe t .mppuv_setvol_exit
037f9200 t .mppuv_fvol
037f920c t .mppuv_fvolup
037f920e t .mppuv_volup
037f9214 t .mppuv_volupA
037f921e t .mppuv_fvoldown
037f9220 t .mppuv_voldown
037f9226 t .mppuv_voldownA
037f922c t .mppuv_fvol_exit
037f922e t .mppuv_exit2
037f9230 t .mppuv_volslide
037f923a t .mppuv_vs_up
037f9240 t .mppuv_vs_down
037f9248 t .mppuv_porta
037f9258 t .mppuv_porta_down
037f9268 t .mppuv_porta_up
037f9276 t .mppuv_porta_set
037f9284 t .mppuv_panning
037f9292 t .mppuv_p_store
037f9294 t .mppuv_p_exit
037f9298 t .mppuv_glissando
037f92cc t vcmd_glissando_table
037f92d8 t .mppuv_vibrato
037f92e6 t .mppuv_vib_exit
037f92e8 t .mppuv_xm
037f9308 t .mppuv_xm_setvol
037f9310 t .mppuv_exit4
037f9314 t .mppuv_xm_volslide
037f9324 t .mppuv_xm_volslide_dn_check
037f9338 t .mppuv_xm_volslide_up
037f933a t .mppuv_xm_volslide_up_check
037f9350 t .mppuv_xm_fvolslide
037f9362 t .mppuv_xm_fvolslide_up
037f9368 t .mppuv_xm_vibrato
037f9370 t .mppuv_xm_vibspd
037f937a t .mppuv_xm_vibdepth
037f9384 t .mppuv_xm_vibexit
037f9388 t .mppuv_xm_panning
037f9398 t .mppuv_xm_panhack
037f939c t .mppuv_exit3
037f93a0 t .mppuv_xm_panslide
037f93ca t .mppuv_xm_panslide_right
037f93e6 t .mppuv_xm_panslide_set
037f93ec t .mppuv_xm_toneporta
037f9402 T mpp_Process_Effect
037f945c t mppe_SetSpeed
037f9466 t .mppe_ss_exit
037f9466 t mppe_todo
037f9468 t mppe_PositionJump
037f946e t .mppe_pj_exit
037f9470 t mppe_PatternBreak
037f9482 t .mppe_pb_exit
037f9484 t mppe_VolumeSlide
037f948e t .mppe_vs_zt
037f9494 t mppe_Portamento
037f9496 t .mppe_pd_ot
037f949e t .mppe_pd_checkE
037f94ac t .mppe_pd_checkF
037f94ba t .mppe_pd_regslide
037f94be t .mppe_pd_otherslide
037f94c8 t .mppe_pd_slidedown
037f94d2 t .mppe_pd_fineslidedown
037f94d8 t .mppe_pd_slideup
037f94e2 t .mppe_pd_fineslideup
037f94e6 t .mppe_pd_store
037f94f0 t .mppe_pd_exit
037f94f4 t mppe_Glissando
037f9518 t .mppe_glis_ot
037f951c t .mppe_glis_backdoor
037f955a t .mppe_glis_noslide
037f9560 t .mppe_glis_slideup
037f956e t .mppe_glis_slidedown
037f957a t .mppe_glis_store
037f9584 t .mppe_glis_exit
037f9588 t .mppe_glis_amiga
037f9594 t .mppe_glis_amiga_down
037f95a2 t .mppe_glis_amiga_up
037f95b0 t mppe_Vibrato
037f95ba t .mppe_v_nospd
037f95ca t .mppe_v_nodep
037f95cc t .mppe_v_ot
037f95cc t mppe_DoVibrato
037f95e0 t .mppe_dv_update
037f95ee t .mppe_dv_notupdate
037f9604 t .mppe_dv_negative
037f960a t .mppe_dv_store
037f9618 t mppe_Tremor
037f961c t mppe_Arpeggio
037f9622 t .mppe_arp_ot
037f962e t .mppe_arp_0
037f9634 t .mppe_arp_1
037f963c t .mppe_arp_others
037f9644 t .mppea1_12
037f9654 t .mppe_arp_2
037f9660 t mppe_VibratoVolume
037f9674 t mppe_PortaVolume
037f968c t mppe_ChannelVolume
037f9694 t .mppe_cv_exit
037f9698 t mppe_ChannelVolumeSlide
037f96a8 t mppe_SampleOffset
037f96ae t .mppe_so_exit
037f96b4 t mppe_PanningSlide
037f96c8 t mppe_Retrigger
037f96ce t .mppe_retrig_refill
037f96d4 t .mppe_retrig_exitcount
037f96d8 t .mppe_retrig_refillN
037f96de t .mppe_retrig_fire
037f9700 t .mppe_retrig_v_change_21
037f9708 t .mppe_retrig_v_change0
037f970a t .mppe_retrig_v_change_sub
037f9718 t .mppe_retrig_v_change_23
037f9720 t .mppe_retrig_v_change_12
037f9724 t .mppe_retrig_v_change_add
037f9734 t .mppe_retrig_v_change_32
037f973a t .mppe_retrig_finish
037f974c t mppe_Tremolo
037f974e t .mppe_trem_ot
037f9758 t .mppe_trem_zt
037f9780 t mppe_Extended
037f97aa t .mppe_ex_quit
037f97aa t mppex_Unused
037f97ac t mppex_XM_FVolSlideUp
037f97c0 t mppex_XM_FVolSlideDown
037f97d2 t mppex_OldRetrig
037f97f8 t mppex_VibForm
037f97fa t mppex_TremForm
037f97fc t mppex_PanbForm
037f97fe t mppex_FPattDelay
037f9808 t .mppex_fpd_exit
037f980a t mppex_InstControl
037f981e t .mppex_ic_pastnotes
037f9820 t .mppex_ic_nna
037f9830 t .mppex_ic_envelope
037f9842 t .mppex_ic_exit
037f9844 t mppex_SetPanning
037f984a t mppex_SoundControl
037f9850 t .mppex_sc_surround
037f9852 t mppex_HighOffset
037f9854 t mppex_PatternLoop
037f986c t .mppex_pl_not0
037f9876 t .mppex_pl_active
037f987c t .mppex_pl_exit_enable
037f9882 t .mppex_pl_exit
037f9888 t mppex_NoteCut
037f9894 t .mppex_nc_exit
037f9896 t mppex_NoteDelay
037f98a8 t mppex_PatternDelay
037f98ba t .mppex_pd_quit
037f98bc t mppex_SongMessage
037f98e0 t mppe_SetTempo
037f98f0 t .mppe_st_slidedown
037f98f8 t .mppe_st_save
037f98fc t .mppe_st_slideup
037f990a t .mppe_st_set
037f9910 t .mppe_st_set2
037f9920 t .mppe_st_exit
037f9928 t mppe_FineVibrato
037f9932 t .mppe_fv_nospd
037f9940 t .mppe_fv_nodep
037f9940 t .mppe_fv_ot
037f9944 t mppe_SetGlobalVolume
037f995e t .mppe_sgv_exit
037f9960 t mppe_GlobalVolumeSlide
037f9962 t .mppe_gvs_ot
037f9984 t mppe_SetPanning
037f9988 t .mppe_sp_exit
037f998c t mppe_Panbrello
037f9990 t mppe_ZXX
037f9994 t mppe_SetVolume
037f9998 t .mppe_sv_exit
037f999c t mppe_KeyOff
037f99ac t .mppe_ko_exit
037f99b0 t mppe_EnvelopePos
037f99b6 t .mppe_ep_ot
037f99b8 t mppe_OldTremor
037f99bc t .mppe_ot_ot
037f99c2 t .mppe_ot_new
037f99d6 t .mppe_ot_low
037f99e0 t .mppe_ot_old
037f99e4 t .mppe_ot_apply
037f99f0 t .mppe_ot_cut
037f99f4 t mpph_PitchSlide_Down
037f99fe t mpph_LinearPitchSlide_Down
037f9a06 t .mpph_psd
037f9a08 t .mpph_psd_fine
037f9a12 t .mpph_psd_clip
037f9a18 t .mpph_psd_clipdone
037f9a1a t .mpph_psd_amiga
037f9a1c t .mpph_psd_amiga_fine
037f9a28 t mpph_PitchSlide_Up
037f9a32 t mpph_LinearPitchSlide_Up
037f9a3a t .mpph_psu
037f9a44 t .mpph_psu_fine
037f9a44 t .mpph_psu_notdouble
037f9a50 t .mpph_psu_clip
037f9a5a t .mpph_psu_clipped
037f9a5c t .mpph_psu_amiga
037f9a5e t .mpph_psu_amiga_fine
037f9a68 t mpph_FinePitchSlide_Up
037f9a76 t .mpph_fpsu_amiga
037f9a7c t mpph_FinePitchSlide_Down
037f9a88 t .mpph_fpsd_amiga
037f9aa0 t mpph_FastForward
037f9aa4 t .mpph_ff_exitf
037f9aa6 t .mpph_ff
037f9ab6 t .mpph_ff_loop
037f9acc t mpph_VolumeSlide64
037f9ad0 t mpph_VolumeSlide
037f9ade t .mpph_vs_hack1
037f9ae8 t .mpph_vs_hack2
037f9aee t .mpph_vs_add
037f9af2 t .mpph_vs_fadd
037f9b00 t .mpph_vs_next1
037f9b06 t .mpph_vs_sub
037f9b0a t .mpph_vs_fsub
037f9b16 t .mpph_vs_next2
037f9b2c t .mpph_vs_exit
037f9b2e t .mpph_vs_exit2
037f9b30 t .mpph_vs_XM
037f9b46 t .mpph_vsxm_testlow
037f9b50 T mmAllocChannel
037f9b7c t .mppac_skip
037f9b80 t .mppac_next_test
037f9b84 t .mppac_next_notest
037f9b8c t .mppac_start
037f9bb8 t .mppac_finished
037f9bbc t .mppac_found
037f9bc4 T mmReadPattern
037f9bf0 t readpattern
037f9c3c t no_note
037f9c70 t same_instrument
037f9c74 t no_instrument
037f9c80 t no_vcmd
037f9c94 t no_effect
037f9ca0 t end_of_row
037f9cb0 T mmUpdateChannel_T0
037f9ce0 t no_channel_effect
037f9d00 t it_vcmd
037f9d14 t xm_vcmd
037f9d20 t glissando_affected
037f9d20 t no_channel_vcmd
037f9d4c t start_channel
037f9db0 t linear_periods
037f9db8 t got_period
037f9dc8 t no_sample_to_make_period
037f9dcc t dont_start_channel
037f9de8 t channel_started
037f9e40 t dvol_no_instrument
037f9e6c t dvol_no_sample
037f9e6c t dvol_skip
037f9e88 t reset_volume
037f9eb8 t dont_reset_volume
037f9ed8 t skip_noteoff
037f9ef0 T mmUpdateChannel_TN
037f9ef4 t mmUpdateChannel_TN_
037f9f10 t mmUpdateChannel_TN___
037f9fb0 t channel_update_achn
037f9fec t no_achn
037f9ff4 t mmChannelStartACHN
037fa070 t full_notemap
037fa08c t invalid_instrument
037fa090 T mmGetPeriod
037fa09c t get_amiga_period
037fa0d4 T note_table_oct
037fa0f2 T note_table_mod
037fa160 t get_linear_period
037fa198 T mmLockChannels
037fa1bc t StopActiveChannel
037fa20a t .issub
037fa21e t .iseffect
037fa222 T mmUnlockChannels
037fa234 T mmIsInitialized
037fa23a T mmInit7
037fa284 t .exit_r3
037fa288 T mmGetSoundBank
037fa2cc t SlideMixingLevels
037fa2d8 t .sml_loop
037fa34c T mmMixerPre
037fa374 t mode_b_tick
037fa380 t mbt_process
037fa38c t mbt_next
037fa3a8 t mode_c_tick
037fa3b4 t mct_process
037fa3e8 t _skip_keyon
037fa404 t mct_next
037fa420 T mmMixerMix
037fa450 t mmMixA
037fa464 t mma_loop
037fa4a8 t mma_no_offset
037fa4c8 t mma_looping
037fa4e8 t mma_notlooping
037fa500 t mma_copy_levels
037fa530 t mma_continue_channel
037fa544 t mma_started
037fa57c t mma_next
037fa598 t mmMixB
037fa5b8 t mmb_loop
037fa5c4 t mmb_active
037fa5d0 t mmb_newnote
037fa5fc t mmb_continue
037fa62c t mmb_disabled
037fa63c t mmb_next
037fa670 t mmb_getdest
037fa690 t mmbResampleData
037fa6e4 t mmb_16bit
037fa780 t mmb_8bit
037fa818 t mmb_resamp_16bit
037fa83c t mmb_resamp_16bit_nearest
037fa908 t mmb_resamp_16bit_linear
037faa8c t _mb16_exit
037faa90 t _mb16_exit2
037faa98 t _mb16n_exit
037faaac t mmb_resamp_8bit
037faad0 t mmb_resamp_8bit_nearest
037fab88 t mmb_resamp_8bit_linear
037fad00 t mb8_exit
037fad04 t mb8_exit2
037fad0c t mb8n_exit
037fad20 t zerofill_buffer
037fad58 t calc_mixcount
037fad7c t _value_clipped
037fad90 t _value_unclipped
037fada4 t translateVolume
037fadc4 t mmMixC
037fadd4 t .mmc_update_loop
037fae70 t .mmc_nlooping
037fae88 t .mmc_looping
037faeb0 t .mmc_continue
037faed4 t .mmc_started
037faf0c t .mmc_next
037faf28 t .mmc_disabled
037faf6c T mmVolumeTable
037faf8c t mmSoftwareMixingRoutine
037fafac t mmMixChunk
037fafd8 t .clear_work_buffer
037fb004 t .ch_loop
037fb06c t .mix_segment
037fb088 t .mix_16bit
037fb158 t .mix_8bit
037fb224 t .ch_next
037fb274 t .output_mix
037fb30c t volume_addition
037fb310 t mm_mix_pcm8
037fb344 t .mp8a_mixn
037fb3fc t .mp8a_mixn_exit
037fb404 t .mp8a_mix1
037fb450 t .mp8a_mix1_exit
037fb45c t mm_mix_pcm16
037fb494 t .mp16_mixn
037fb568 t .mp16_mixn_exit
037fb570 t .mp16_mix1
037fb5c4 t .mp16_mix1_exit
037fb5d0 t div19
037fb6d8 t __get_channel_address
037fb6e2 T mmMixerSetSource
037fb6f8 T mmMixerSetFreq
037fb718 T mmMixerMulFreq
037fb732 T mmMixerStopChannel
037fb73c T mmMixerChannelActive
037fb746 T mmMixerSetVolume
037fb74e T mmMixerSetPan
037fb760 T mmMixerInit
037fb762 T mmSelectMode
037fb790 t .rhc_clear
037fb798 t .rhc_next
037fb7c8 t .mode_a
037fb7e2 t .mode_b
037fb7f0 t .mode_c
037fb7fc t _setup_complete
037fb806 t EnableSound
037fb812 t ClearAllChannels
037fb81e t _clear_channel
037fb820 t _next_channel
037fb82a t DisableSWM
037fb83c t mmSetupModeB
037fb860 t setup_modeb_stream
037fb864 t next_channel
037fb884 t SetupSWM
037fb95c 00000034 T irqSet
037fb990 00000072 T threadExit
037fba04 0000001e t _threadTickTask
037fba24 00000080 T _threadInit
037fbaa4 0000006c T threadPrepare
037fbb10 00000086 T threadStart
037fbb98 00000046 T threadJoin
037fbbe0 00000070 T threadIrqWait
037fbc50 0000004a T threadSleepTicks
037fbc9c 0000008c t threadReschedule
037fbd28 000000c0 T threadBlock
037fbde8 000000f0 T threadUnblockOneByValue
037fbed8 000000d4 T threadUnblockAllByValue
037fbfac 000000d8 T threadUnblockAllByMask
037fc084 0000006c T mailboxTrySend
037fc0f0 00000054 T mailboxTryRecv
037fc144 00000066 T mailboxRecv
037fc1ac 0000004c T armCopyMem32
037fc1f8 00000058 T armFillMem32
037fc250 0000002c T armContextSave
037fc27c 00000020 T armContextLoad
037fc280 T armContextLoadFromSvc
037fc29c 00000008 T armSwapWord
037fc2a4 00000014 T armIrqLockByPsr
037fc2b8 00000014 T armIrqUnlockByPsr
037fc2cc 00000004 T svcWaitByLoop
037fc2d0 00000004 T svcHalt
037fc2d4 00000004 T svcSleep
037fc2d8 00000004 T svcSoundBias
037fc2dc 00000004 T svcGetCRC16
037fc2e0 00000006 T svcCustomHalt
037fc2e6 0000000c t _pxiMailboxHandler
037fc2f2 00000002 W _pxiRecvUnhandled
037fc2f4 000000c0 t _pxiRecvIrqHandler
037fc3b4 00000054 T _pxiInit
037fc408 00000012 T pxiWaitForPing
037fc41c 00000054 T pxiSetHandler
037fc470 00000014 T pxiSetMailbox
037fc484 00000020 T pxiWaitRemote
037fc4a4 0000003c T pxiSendPacket
037fc4e0 00000024 t _keypadSendExtToArm9
037fc504 00000038 T keypadStartExtServer
037fc53c 0000002a t _pmCallEventHandlers
037fc568 00000024 T pmPrepareToReset
037fc58c 000000c8 t _pmPxiThreadMain
037fc654 0000001c t _pmResetPxiHandler
037fc670 00000002 W systemErrorExit
037fc674 000000c0 T pmInit
037fc734 0000002c T pmAddEventHandler
037fc760 00000014 T pmShouldReset
037fc774 00000010 T pmIsSleepAllowed
037fc784 00000038 T pmSetSleepAllowed
037fc7bc 00000030 T pmHasResetJumpTarget
037fc7ec 000000f2 T __syscall_exit
037fc8e0 000000de T pmEnterSleep
037fc9c0 00000088 T pmMainLoop
037fca48 00000010 t _rtcUpdateTask
037fca58 000000b4 T rtcReadRegister
037fcb0c 000000b0 T rtcWriteRegister
037fcbbc 00000094 T rtcInit
037fcc50 00000036 T rtcReadDateTime
037fcc88 00000060 T rtcDateTimeToUnix
037fcce8 00000040 T rtcSyncTime
037fcd28 00000030 t _pmicSpiBegin
037fcd58 00000040 T pmicWriteRegister
037fcd98 00000048 T pmicReadRegister
037fcde0 00000022 T pmicIssueShutdown
037fce04 00000060 t _envValidateUserSettings
037fce64 000000a6 t _envLoadUserSettings
037fcf0c 00000020 T envReadNvramSettings
037fcf2c 00000068 T pmGetBatteryState
037fcf94 00000034 T pmSetPowerLed
037fcfc8 00000044 T pmSoundSetAmpPower
037fd00c 00000060 T pmMicSetAmp
037fd06c 0000002c T pmReadNvram
037fd098 00000028 T touchStartServer
037fd0c0 000000b4 T touchLoadCalibration
037fd174 0000003c T touchInit
037fd1b0 0000011c T touchRead
037fd2cc 00000088 t _touchSrvThreadMain
037fd354 000000a0 t _micTimerIsr
037fd3f4 00000040 t _micReadSampleNtr
037fd434 00000084 t _micPxiHandler
037fd4b8 0000035c t _micThreadMain
037fd814 00000028 T micStartServer
037fd83c 00000020 t _soundReset
037fd85c 00000014 t _soundTimerTick
037fd870 00000020 t _soundPxiHandler
037fd890 00000028 T soundStartServer
037fd8b8 0000004c T _soundEnable
037fd904 00000050 T _soundDisable
037fd954 00000044 t _soundPmEventHandler
037fd998 00000038 T _soundSetAutoUpdate
037fd9d0 00000030 T _soundUpdateSharedState
037fda00 00000084 t _soundSrvThreadMain
037fda84 00000080 t _soundPxiStart
037fdb04 00000080 t _soundPxiStop
037fdb84 00000334 t _soundPxiProcessCmd.isra.0
037fdeb8 000000b0 T _soundPxiProcess
037fdf68 00000060 T blkInit
037fdfc8 00000046 T blkDevIsPresent
037fe010 0000005e T blkDevInit
037fe070 0000007a T blkDevReadSectors
037fe0ec 0000007a T blkDevWriteSectors
037fe168 000000a2 t _blkPxiThread
037fe20c 00000024 t _wlmgrOnAssoc
037fe230 00000018 t _wlmgrScanComplete
037fe248 0000003e t _wlmgrTxProcess
037fe288 00000020 t _wlmgrSetState
037fe2a8 00000038 t _wlmgrStop
037fe2e0 00000038 t _wlmgrTxPxiHandler
037fe318 0000002c t _wlmgrPmEventHandler
037fe344 000001cc t _wlmgrPxiProcessCmd.isra.0
037fe510 0000007c t _wlmgrPxiProcess.constprop.0
037fe58c 000000b4 t _wlmgrThreadMain
037fe640 00000024 t _wlmgrCmdPxiHandler
037fe664 0000002c T _netbufRx
037fe690 00000028 T wlmgrStartServer
037fe6b8 00000026 t _ntrwifiOnStateLost
037fe6e0 0000002e t _ntrwifiOnScanEnd
037fe710 0000004e t _ntrwifiOnAssocEnd
037fe760 0000003a t _ntrwifiOnJoinEnd
037fe79c 00000034 t _ntrwifiOnBssInfo
037fe7d0 00000052 t _ntrwifiOnAuthEnd
037fe824 00000020 t _ntrwifiRx
037fe844 000000b4 T ntrwifiInit
037fe8f8 00000024 T ntrwifiExit
037fe91c 00000038 T ntrwifiStartScan
037fe954 0000002c T ntrwifiAssociate
037fe980 00000016 T ntrwifiDisassociate
037fe996 00000028 T ntrwifiTx
037fe9c0 0000002c T _mwlBbpRead
037fe9ec 00000030 T _mwlBbpWrite
037fea1c 00000028 T _mwlRfCmd
037fea44 0000002e t _mwlTaskHandler
037fea74 00000064 t _mwlExitTask
037fead8 000000a6 T mwlDevStop
037feb80 0000022c T mwlDevStart
037fedac 00000030 T mwlDevGracefulStop
037feddc 00000060 T _mwlPushTask
037fee3c 00000094 T _mwlPopTask
037feed0 000000e0 T _mwlIrqHandler
037fefb0 000000b6 T mwlDevWlanToDix
037ff068 000000cc T mwlDevDixToWlan
037ff134 00000018 t _mwlRxRead
037ff14c 0000005c t _mwlRxProbeResFrame
037ff1a8 00000100 t _mwlRxBeaconFrame
037ff2a8 00000186 T _mwlRxEndTask
037ff430 000000a2 T _mwlRxMgmtCtrlTask
037ff4d4 00000042 T _mwlRxDataTask
037ff518 00000030 T _mwlRxQueueClear
037ff548 00000034 t _mwlTxWrite
037ff57c 00000182 t _mwlTxQueueKick
037ff700 000000a2 T _mwlTxEndTask
037ff7a4 0000009e T _mwlTxQueueClear
037ff844 00000048 T mwlDevTx
037ff88c 0000004a t _mwlSetMlmeState
037ff8d8 0000000e t _mwlMlmeAuthRaceWorkaround
037ff8e8 00000034 t _mwlMlmeScanTimeout
037ff91c 0000000e t _mwlMlmeJoinTimeout
037ff92a 0000000e t _mwlMlmeAuthTimeout
037ff938 0000000e t _mwlMlmeAssocTimeout
037ff948 000000e6 t _mwlMlmeTaskScan
037ffa30 0000002c t _mwlMlmeDeauthTxCb
037ffa5c 00000046 T _mwlMlmeOnBssInfo
037ffaa4 0000005c T _mwlMlmeHandleJoin
037ffb00 000000ec T _mwlMlmeHandleAuth
037ffbec 0000001c T _mwlMlmeAuthFreeReply
037ffc08 0000002c T _mwlMlmeHandleAssocResp
037ffc34 00000044 T _mwlMlmeHandleStateLoss
037ffc78 0000002c T _mwlMlmeBeaconLostTask
037ffca4 00000136 T _mwlMlmeTask
037ffddc 00000008 T mwlMlmeGetCallbacks
037ffde4 000000cc T mwlMlmeScan
037ffeb0 000000b0 T mwlMlmeJoin
037fff60 000000a4 T mwlMlmeAuthenticate
03800004 0000007c T mwlMlmeAssociate
03800080 00000050 T mwlMlmeDeauthenticate
038000d0 0000001c t _tickCountIsr
038000ec 00000070 T tickInit
0380015c 0000004c T tickGetCount
038001a8 00000044 t _tickTaskSchedule
038001ec 00000076 t _tickTaskIsr
03800264 0000007c T tickTaskStart
038002e0 00000054 T tickTaskStop
03800334 000000f4 t threadUpdateDynamicPrio
03800428 000000c2 t threadRemoveWaiter
038004ec 000000da T mutexLock
038005c8 0000008a T mutexUnlock
03800654 0000014c T __irq_handler
038007a0 0000009a T netbufAlloc
0380083c 00000046 T netbufFree
03800884 00000080 t _wlanParseRsn
03800904 00000034 T wlanGetRateBit
03800938 00000058 T wlanFindOrAddBss
03800990 00000054 T wlanFindRsnOrWpaIe
038009e4 000001b4 T wlanParseBeacon
03800b98 00000028 t _nvramSpiBegin
03800bc0 00000050 T nvramWaitReady
03800c10 000000a0 T nvramReadDataBytes
03800cb0 00000054 t _tscPowerDownBetweenConversions
03800d04 00000138 t _tscTryReadChannel
03800e3c 0000002c t _tscDetectTouch
03800e68 0000000c T tscInit
03800e74 00000084 T tscReadTouch
03800ef8 00000088 T tscReadChannel12
03800f80 000000a4 T smutexLock
03801024 0000008c T smutexUnlock
038010b0 00000012 T __gnu_thumb1_case_sqi
038010c4 00000012 T __gnu_thumb1_case_uqi
038010d8 t .udivsi3_skip_div0_test
038010d8 T __aeabi_uidiv
038010d8 000000fc T __udivsi3
038011d4 00000020 T __aeabi_uidivmod
038011f4 T __aeabi_idiv
038011f4 00000130 T __divsi3
038011fc t .divsi3_skip_div0_test
03801324 00000020 T __aeabi_idivmod
03801344 00000002 W __aeabi_idiv0
03801344 00000002 W __aeabi_ldiv0
03801348 T __aeabi_uldivmod
03801384 00000056 T __aeabi_lmul
03801384 00000056 T __muldi3
038013dc 00000034 T __popcountsi2
03801410 00000016 T __bswapsi2
03801428 00000192 T __udivmoddi4
038015bc 00000028 T __clzdi2
038015e4 00000048 T __clzsi2
0380162c 00000046 T memcmp
03801674 0000008c T memset
03801700 000000b0 T memcpy
038017b0 0000000c t ____aeabi_idiv0_from_arm
038017bc 0000000c t __pxiSendPacket_from_arm
038017c8 00000008 t __mmMixerMix_from_thumb
038017d0 00000008 t __twlNandInit_from_thumb
038017d8 0000000c t __irqSet_from_arm
038017e4 00000008 t __twlwifiExit_from_thumb
038017ec 00000008 t __twlSdWriteSectors_from_thumb
038017f4 00000010 t __mwlDevSetAuth_veneer
03801804 00000010 t __mwlDevSetSsid_veneer
03801814 00000008 t __twlSdReadSectors_from_thumb
0380181c 00000008 t __twlNandWriteSectors_from_thumb
03801824 0000000c t ___soundUpdateSharedState_from_arm
03801830 0000000c t ____udivmoddi4_from_arm
0380183c 00000008 t ___mmProcessComms_from_thumb
03801844 00000008 t __twlSdInit_from_thumb
0380184c 0000000c t __ntrwifiDisassociate_from_arm
03801858 0000000c t ___wlmgrSetState_from_arm
03801864 00000008 t __twlNandReadSectorsAes_from_thumb
0380186c 00000010 t ___mwlMgmtMakeAuth_veneer
0380187c 00000010 t __mwlCalibLoad_veneer
0380188c 00000008 t ___soundPxiProcessCmd.isra.0_from_thumb
03801894 00000010 t __mwlDevSetMode_veneer
038018a4 00000010 t __mwlDevSetPreamble_veneer
038018b4 00000008 t __twlNandReadSectors_from_thumb
038018bc 0000000c t __ntrwifiInit_from_arm
038018c8 00000010 t ___mwlMgmtMakeAssocReq_veneer
038018d8 0000000c t ___mmProcessPxiCmd.isra.0_from_arm
038018e4 00000008 t __twlblkInit_from_thumb
038018ec 0000000c t __pmSetSleepAllowed_from_arm
038018f8 00000008 t ___wlmgrPxiProcessCmd.isra.0_from_thumb
03801900 00000008 t __twlNandWriteSectorsAes_from_thumb
03801908 00000010 t __mwlDevSetChannel_veneer
03801918 0000000c t __pxiWaitForPing_from_arm
03801924 0000000c t __pxiSetHandler_from_arm
03801930 0000000c t ____aeabi_ldiv0_from_arm
0380193c 00000010 t __mwlDevShutdown_veneer
0380194c 0000000c t ___soundDisable_from_arm
03801958 00000008 t ____clzdi2_from_thumb
03801960 0000000c t ___soundEnable_from_arm
0380196c 00000010 t __mwlDevReset_veneer
0380197c 00000010 t __mwlDevWakeUp_veneer
0380198c 0000000c t __ntrwifiAssociate_from_arm
03801998 0000000c t __ntrwifiStartScan_from_arm
038019a4 00000010 t ___mwlMgmtMakeProbeReq_veneer
038019b4 0000000c t __mailboxTrySend_from_arm
038019c0 00000008 t __twlSdIsInserted_from_thumb
038019c8 00000008 t ____aeabi_idiv_from_thumb
038019d0 0000000c t __mailboxRecv_from_arm
038019dc 00000008 t ____aeabi_uldivmod_from_thumb
038019e4 00000010 t ___mwlMgmtMakeDeauth_veneer
038019f4 0000000c t __mailboxTryRecv_from_arm
03801a00 0000000c t ___soundSetAutoUpdate_from_arm
03801a0c 00000010 t __mwlDevSetBssid_veneer
03801a1c 0000000c t ___wlmgrStop_from_arm
03801a28 00000008 t __twlwifiTx_from_thumb
03801a88 00000018 t s_monthDayOffsets.0
03801abc 0000001c t s_mwlTaskHandlers
03801ad8 0000000c t s_wlanRates
03801ae4 ? __wram_end
03801ae4 b completed.1
03801ae8 b object.0
03801b00 00000100 b s_mmPxiMailboxSlots
03801c00 00000008 b s_mmPxiMailbox
03801c08 00000008 b s_mmMailbox
03801c10 00000200 b s_mmThreadStack
03801e10 00000070 b s_mmThread
03801e80 B mmCallback
03801e84 B mm_ch_mask
03801e88 b mm_sfx_mastervolume
03801e8c b mm_sfx_channels
03801eac B mm_sfx_bitmask
03801eb0 B mm_sfx_clearmask
03801eb4 b mm_sfx_counter
03801eb8 B mmLayerMain
03801ef0 B mmLayerSub
03801f28 B mpp_vars
03801f38 B mpp_layerp
03801f3c B mpp_channels
03801f40 b mpp_resolution
03801f44 b mm_mastertempo
03801f48 b mm_masterpitch
03801f4c B mpp_nchannels
03801f4d B mpp_clayer
03801f50 B mm_achannels
03801f54 B mm_pchannels
03801f58 B mm_num_mch
03801f5c B mm_num_ach
03801f60 B mm_schannels
03802000 B mmModuleCount
03802004 B mmModuleBank
03802008 B mmSampleBank
0380200c b mm_rds_pchannels
0380250c b mm_rds_achannels
0380288c B mmInitialized
03802890 B mm_mix_channels
03802a90 b mm_mix_data
03804bf0 b mm_output_slice
03804bf1 B mm_mixing_mode
03804bf4 00000008 b s_sleepThreads
03804bfc 00000008 b s_joinThreads
03804c04 00000070 b s_idleThread
03804c74 00000070 b s_mainThread
03804ce4 00000100 B __irq_table
03804de4 00000024 B __sched_state
03804e08 00000008 b s_mailboxRecvQueue
03804e10 000001f0 b s_pxiChannels
03805000 00000004 b s_pxiRecvState
03805004 00000008 b s_pxiRecvQueue
0380500c 00000004 b s_pxiSendMutex
03805010 00000010 b s_keypadTask
03805020 00000200 b s_pmPxiThreadStack
03805220 00000070 b s_pmPxiThread
03805290 0000000c b s_pmState
0380529c 00000010 b s_rtcUpdateTask
038052ac 00000004 b s_rtcMutex
038052b0 00000004 B g_spiMutex
038052b8 00000100 b s_touchSrvThreadStack
038053b8 00000070 b s_touchSrvThread
03805428 0000001c b s_touchState
03805444 00000004 b header.0
03805448 00000004 b data_words.1
0380544c 0000002c b s_micState
03805478 00000200 b s_micThreadStack
03805678 00000070 b s_micThread
038056e8 00000080 b s_soundPxiMailboxSlots
03805768 00000008 b s_soundPxiMailbox
03805770 00000008 b s_soundSrvMailbox
03805778 0000000c b s_soundPmCookie
03805784 00000010 b s_soundTimer
03805798 00000400 b s_soundSrvThreadStack
03805b98 00000070 b s_soundSrvThread
03805c08 00000008 B g_soundState
03805c10 00000400 b s_blkPxiThreadStack
03806010 00000070 b s_blkPxiThread
03806080 00000020 b s_blkPxiMailboxData
038060a0 00000008 b s_blkPxiMailbox
038060a8 00000001 b s_blkHasTwl
038060ac 00000004 b s_dldiDiscIface
038060b0 00000020 b s_wlmgrState
038060d0 00000800 b s_wlmgrThreadStack
038068d0 00000070 b s_wlmgrThread
03806940 0000000c b s_assocVars
0380694c 00000010 b s_scanVars
03806960 00000600 b s_mwlThreadStack
03806f60 00000070 b s_mwlThread
03806fd0 00000100 B s_mwlState
038070d0 00000008 b s_mwlTaskQueue
038070d8 00000420 b s_mwlRxStaticMem
038074f8 00000004 b s_firstTask
03807500 00000008 b s_highTickCount
03807508 00000001 b s_tickInit
03807509 00000001 B g_cdcIsTwlMode
0380750a 00000001 B g_isTwlMode
0380750b 00000001 b touching.0
0380750c 00000008 b s_smutexWaitList
03807514 00000004 V __stdio_exit_handler
03807518 00000004 B fake_heap_start
0380751c 00000004 B fake_heap_end
03807520 b __wram_bss_end
0380f000 t __sys_start
0380fe80 a __sp_usr
0380ff80 a __sp_irq
0380ffc0 a __irq_flags2
0380ffc0 a __sp_svc
0380fff8 a __irq_flags
0380fffc a __irq_vector
04000000 a DMA_32BIT
040000bc a REG_DMA
04000100 a REG_TM0CNT
04000104 a SWTIMER
04000104 a TIMER
04000208 a REG_IME
04000214 a REG_IF
04000400 a REG_SOUND0CNT
04000404 a REG_SOUND0SAD
04000408 a REG_SOUND0TMR
0400040a a REG_SOUND0PNT
0400040c a REG_SOUND0LEN
04000500 a REG_SOUNDCNT
80000000 a DMA_ENABLE
80000000 a SOUNDxCNT_ENABLE
84000000 a DMA_CONTROL
