00000000 a __dldi_lma
00000000 a __end__
00000000 A __sync_synchronize
01ff8000 t __itcm_start
01ff8038 00000018 T __excpt_vectors
01ff8050 00000088 t threadReschedule
01ff80d8 000000d8 T threadBlock
01ff81b0 000000c0 T threadUnblockOneByValue
01ff8270 00000130 T threadUnblockAllByValue
01ff83a0 00000134 T threadUnblockAllByMask
01ff84d4 0000002c T armContextSave
01ff8500 00000020 T armContextLoad
01ff8504 T armContextLoadFromSvc
01ff8520 00000008 T armWaitForIrq
01ff8528 00000004 t __arm_excpt_rst
01ff852c 00000004 t __arm_excpt_pabt
01ff8530 0000000c t __arm_excpt_und
01ff853c 0000000c t __arm_excpt_dabt
01ff8548 00000030 t __excpt_entry
01ff8578 0000000c T armDrainWriteBuffer
01ff8584 00000028 T armDCacheFlushAll
01ff85ac 0000000c T armICacheInvalidateAll
01ff85b8 000000e4 t __arm_excpt_irq
01ff869c t __itcm_end
02001000 t __crt0_start
02001000 00000060 t __ds9_bootstub_trampoline
02001060 00000074 T crt0ProcessLoadList
020010d4 00000180 T crt0Startup
02001254 0000004c T crt0CopyMem32
020012a0 00000058 T crt0FillMem32
020012f8 000000b4 T crt0SetupMPU
020013c0 t __crt0_end
020013c0 t __main_start
020013c0 T _init
020013d8 00000030 T exit
02001408 000000a8 T main
020014b0 t __do_global_dtors_aux
02001504 t frame_dummy
02001534 000000e0 t newRow
02001614 000000e0 T consolePrintChar
020016f4 00000344 T con_write
02001a38 000002e8 T consoleLoadFont
02001d20 00000170 T consoleInit
02001e90 00000040 T consoleDemoInit
02001ed0 0000006c T scanKeys
02001f3c 0000000c T keysHeld
02001f48 00000010 T keysDown
02001f58 0000006c T checkIfText
02001fc4 000000e8 T bgUpdate
020020ac 000000a8 T bgInit_call
02002154 000000b0 T bgInitSub_call
02002204 0000004c T sinLutLookup
02002250 00000038 T sinLerp
02002288 00000044 T cosLerp
020022cc 0000009c T threadExit
02002368 00000010 t _threadTickTask
02002378 00000098 T _threadInit
02002410 000000a4 T threadPrepare
020024b4 000000c8 T threadStart
0200257c 000000a0 T threadIrqWait
0200261c 00000058 T threadSleepTicks
02002674 00000028 T keypadGetState
0200269c 00000040 t _pmCallEventHandlers
020026dc 000000a0 t _pmPxiThreadMain
0200277c 00000028 t _pmResetPxiHandler
020027a4 00000004 W systemUserExit
020027a8 00000004 W systemErrorExit
020027ac 00000138 T __syscall_exit
020028e4 00000058 T pmInit
0200293c 000000cc T pmEnterSleep
02002a08 00000074 T pmMainLoop
02002a7c 00000058 T touchRead
02002ad4 0000001c t _tickCountIsr
02002af0 00000084 t _tickTaskSchedule.part.0.isra.0
02002b74 000000a0 T tickInit
02002c14 0000005c T tickGetCount
02002c70 00000110 t _tickTaskIsr
02002d80 00000144 T tickTaskStart
02002ec4 00000098 T mailboxTrySend
02002f5c 00000098 T mailboxRecv
02002ff4 00000014 T __syscall_getreent
02003008 00000024 T __errno
0200302c 00000004 T __syscall_lock_acquire
02003030 00000004 T __syscall_lock_release
02003034 0000004c T __syscall_lock_acquire_recursive
02003080 00000018 T __syscall_lock_release_recursive
02003098 00000004 t _pxiMailboxHandler
0200309c 00000004 W _pxiRecvUnhandled
020030a0 00000154 t _pxiRecvIrqHandler
020031f4 00000058 T _pxiInit
0200324c 00000074 T pxiSetHandler
020032c0 00000068 T pxiSetMailbox
02003328 00000038 T pxiWaitRemote
02003360 00000050 T pxiSendPacket
020033b0 00000004 W systemUserStartup
020033b4 00000104 W systemStartup
020034b8 00000064 T irqSet
0200351c 000001cc t threadUpdateDynamicPrio
020036e8 000001c8 t threadRemoveWaiter
020038b0 00000150 T mutexLock
02003a00 000000d0 T mutexUnlock
02003ad0 T __aeabi_idiv
02003ad0 00000128 T __divsi3
02003ad8 t .divsi3_skip_div0_test
02003bf8 00000020 T __aeabi_idivmod
02003c18 00000004 W __aeabi_idiv0
02003c18 00000004 W __aeabi_ldiv0
02003c1c T __aeabi_uldivmod
02003c58 00000140 T __udivmoddi4
02003d98 00000028 T __clzdi2
02003dc0 00000048 T __clzsi2
02003e08 00000090 T __libc_init_array
02003e98 00000078 T siscanf
02003f10 00000804 T _malloc_r
02004714 0000011c T _malloc_trim_r
02004830 000002fc T _free_r
02004998 a __crt0_lma
02004b2c 000000f4 T memset
02004c20 00000018 T __malloc_lock
02004c38 00000018 T __malloc_unlock
02004c50 00000010 W __call_exitprocs
02004c60 0000029c T setvbuf
02004d58 a __itcm_lma
02004d58 a __loadlist_lma
02004efc 00000130 T memcpy
0200502c 00000034 T iprintf
02005060 0000004c T __sread
020050ac 00000008 T __seofread
020050b4 0000006c T __swrite
02005120 00000048 T __sseek
02005168 00000014 T __sclose
0200517c 000005fc t get_arg
02005778 00002344 T _vfiprintf_r
02007abc 000000b8 t __sbprintf
02007b74 00000090 T strlen
02007c04 00000054 t get_arg
02007c58 000000e8 T _sungetc_r
02007d40 00000068 T __ssrefill_r
02007da8 000000b8 T _sfread_r
02007e60 000022d4 T __ssvfiscanf_r
0200a134 00000028 t stdio_exit_handler
0200a15c 00000054 t cleanup_stdio
0200a1b0 00000158 t global_stdio_init.part.0
0200a308 00000064 T __sinit
0200a36c 00000018 T __sfp_lock_acquire
0200a384 00000018 T __sfp_lock_release
0200a39c 000001f0 t _strtoul_l.isra.0
0200a58c 00000038 T _strtoul_r
0200a5c4 00000078 T _fwalk_sglue
0200a63c 00000034 T __sprint_r
0200a670 00000014 T iswspace
0200a684 00000028 T _localeconv_r
0200a6ac 0000002c T realloc
0200a6d8 000000f4 T memchr
0200a7cc 000000ac T _wcrtomb_r
0200a878 00000388 t _strtol_l.part.0
0200ac00 00000070 T _strtol_r
0200ac70 00000044 T __libc_fini_array
0200acb4 00000048 T malloc
0200acfc 00000024 T free
0200ad20 000000e8 T __sccl
0200ae08 00000248 T __sflush_r
0200b050 000000cc T _fflush_r
0200b11c 00000168 T __smakebuf_r
0200b284 00000084 T __swhatbuf_r
0200b308 0000051c T _realloc_r
0200b824 000000dc T strncpy
0200b900 00000268 t _strtoull_l.isra.0
0200bb68 00000038 T _strtoull_r
0200bba0 0000002c T _wcsrtombs_r
0200bbcc 000000d0 T _mbrtowc_r
0200bc9c 00000148 T __swsetup_r
0200bde4 000004b4 T __sfvwrite_r
0200c298 00000170 T memmove
0200c408 00000040 T iswspace_l
0200c448 0000014c T _fclose_r
0200c594 0000049c t _strtoll_l.isra.0
0200ca30 00000038 T _strtoll_r
0200ca68 00000028 T __locale_mb_cur_max
0200ca90 000000bc T __submore
0200cb4c 00000188 T _memalign_r
0200ccd4 0000016c T _wcsnrtombs_l
0200ce40 00000068 T _wcsnrtombs_r
0200cea8 00000344 T __utf8_mbtowc
0200d1ec 00000098 T category
0200d284 000000f8 T __utf8_wctomb
0200d37c 00000020 T _exit
0200d39c 000000a0 T _fstat_r
0200d43c 00000030 T __getreent
0200d46c 0000005c T __get_handle
0200d4c8 00000118 T _close_r
0200d5e0 00000008 t null_write
0200d5e8 00000008 T _isatty_r
0200d5f0 00000098 T _lseek_r
0200d688 00000098 T _read_r
0200d720 00000078 W _sbrk_r
0200d798 00000020 T __libc_lock_acquire
0200d7b8 00000020 T __libc_lock_release
0200d7d8 00000020 T __libc_lock_acquire_recursive
0200d7f8 00000020 T __libc_lock_release_recursive
0200d818 00000098 T _write_r
0200d8b0 t .udivsi3_skip_div0_test
0200d8b0 T __aeabi_uidiv
0200d8b0 000000f4 T __udivsi3
0200d9a4 00000020 T __aeabi_uidivmod
0200d9c4 T _fini
0200dbbc 00000080 t dotab_stdout
0200dc3c T default_font_bin
0200e43c 00000102 T SIN_LUT
0200e43c T default_font_bin_end
0200e654 00000010 t zeroes.0
0200e664 00000010 t blanks.1
0200e6f4 00000022 t basefix.0
0200e718 00000101 T _ctype_
0200e81c 0000006c T __action_table
0200e888 0000006c T __state_table
0200e8f4 00000100 T __chclass
0200e9f4 000035dc t categories
02011fd0 00000080 T dotab_stdnull
02012050 00000001 d firstConsoleInit.0
02012054 00000004 D currentConsole
02012058 0000005c D defaultConsole
020120b4 00000001 d count
020120b5 00000001 d repeat
020120b6 00000001 d delay
020120b8 00000020 D bgTransform
020120d8 00000020 D bgScrollTable
020120f8 00000020 D bgControl
02012118 00000004 D __malloc_sbrk_base
0201211c 00000004 D __malloc_trim_threshold
02012120 00000408 D __malloc_av_
02012528 0000000c D __sglue
02012534 00000004 D _impure_ptr
02012538 00000140 D _impure_data
02012678 0000016c D __global_locale
020127e8 00001000 d handles
020137e8 0000000c d __stderr_handle
020137f4 0000000c d __stdout_handle
02013800 0000000c d __stdin_handle
0201380c 0000008c D devoptab_list
02013898 r __EH_FRAME_BEGIN__
02013898 r __FRAME_END__
0201389c r __tls_info
020138a8 d __frame_dummy_init_array_entry
020138a8 d __init_array_start
020138a8 d __preinit_array_end
020138a8 d __preinit_array_start
020138ac d __do_global_dtors_aux_fini_array_entry
020138ac d __fini_array_start
020138ac d __init_array_end
020138b0 d __fini_array_end
020138b0 d __main_end
020138b0 ? __tls_end
020138b0 ? __tls_start
020138b0 b completed.1
020138b4 b object.0
020138cc 0000005c B currentCopy
02013928 00000002 b keysrepeat
0201392c 00000004 b s_keypad
02013930 00000008 B bgIsTextLut
02013938 00000140 B bgState
02013a78 00000008 b s_sleepThreads
02013a80 00000008 b s_joinThreads
02013a88 00000070 b s_idleThread
02013af8 00000070 b s_mainThread
02013b68 00000200 b s_pmPxiThreadStack
02013d68 00000070 b s_pmPxiThread
02013dd8 00000008 b s_pmState
02013de0 00000004 b s_firstTask
02013de8 00000008 b s_highTickCount
02013df0 00000001 b s_tickInit
02013df4 00000008 b s_mailboxRecvQueue
02013dfc 00000004 b s_defaultErrno.0
02013e00 00000004 V __stacksize__
02013e04 00000001 B g_isTwlMode
02013e08 000001f0 b s_pxiChannels
02013ff8 00000004 b s_pxiRecvState
02013ffc 00000008 b s_pxiRecvQueue
02014004 00000004 b s_pxiSendMutex
02014008 00000028 B __malloc_current_mallinfo
02014030 00000004 B __malloc_max_total_mem
02014034 00000004 B __malloc_max_sbrked_mem
02014038 00000004 B __malloc_top_pad
0201403c 0000000c b __malloc_recursive_mutex
02014048 0000000c b __sfp_recursive_mutex
02014058 00000168 B __sf
020141c0 00000004 B __stdio_exit_handler
020141c4 00000004 b __hndl_lock
020141c8 00000004 B fake_heap_start
020141cc 00000004 B fake_heap_end
020141d0 00000004 b heap_start.0
020141d4 b __heap_start_ntr
020141d4 b __main_bss_end
020141e0 r __heap_start_twl
020141e0 ? __twl_bss_end
020141e0 ? __twl_end
020141e0 ? __twl_start
020178e4 a __loadlist_start
02017914 a __loadlist_end
02400000 a __twl_lma
02400000 a __twl_loadlist_lma
02400000 a __twl_loadlist_start
0240000c a __twl_loadlist_end
02ff0000 ? __dtcm_end
02ff0000 ? __dtcm_start
02ff0000 00000080 B __irq_table
02ff0080 00000018 B __sched_state
02ff0098 b __dtcm_bss_end
02ff3e80 d __sp_usr
02ff3f80 a __sp_irq
02ff3fc0 a __sp_svc
02ff3ff8 a __irq_flags
0e000800 00000198 T __ds9_bootstub
ffff0008 a __arm_excpt_svc
