00080000 N _stack
bf800000 T __text_start
bf800080 T _start
bf800080 00000008 T startup
bf800088 00000008 T isInserted
bf800090 00000008 T clearStatus
bf800098 00000008 T readSectors
bf8000a0 00000008 T writeSectors
bf8000a8 00000008 T shutdown
bf8000b0 B __bss_end
bf8000b0 B __bss_end__
bf8000b0 A __bss_start
bf8000b0 A __bss_start__
bf8000b0 D __data_end
bf8000b0 A __data_start
bf8000b0 B __end__
bf8000b0 T __exidx_end
bf8000b0 T __exidx_start
bf8000b0 A __glue_end
bf8000b0 A __glue_start
bf8000b0 D __got_end
bf8000b0 D __got_start
bf8000b0 T __text_end
bf8000b0 B _end
