00000000 a __dldi_lma
00000000 a __end__
00000000 A __sync_synchronize
01ff8000 t __itcm_start
01ff8038 00000018 T __excpt_vectors
01ff8050 00000088 t threadReschedule
01ff80d8 000000d8 T threadBlock
01ff81b0 000000c0 T threadUnblockOneByValue
01ff8270 00000130 T threadUnblockAllByValue
01ff83a0 00000134 T threadUnblockAllByMask
01ff84d4 0000002c T armContextSave
01ff8500 00000020 T armContextLoad
01ff8504 T armContextLoadFromSvc
01ff8520 00000008 T armWaitForIrq
01ff8528 00000004 t __arm_excpt_rst
01ff852c 00000004 t __arm_excpt_pabt
01ff8530 0000000c t __arm_excpt_und
01ff853c 0000000c t __arm_excpt_dabt
01ff8548 00000030 t __excpt_entry
01ff8578 000000e4 t __arm_excpt_irq
01ff865c 0000000c T armDrainWriteBuffer
01ff8668 00000028 T armDCacheFlushAll
01ff8690 0000000c T armICacheInvalidateAll
01ff869c t __itcm_end
02001000 t __crt0_start
02001000 00000060 t __ds9_bootstub_trampoline
02001060 00000074 T crt0ProcessLoadList
020010d4 00000180 T crt0Startup
02001254 0000004c T crt0CopyMem32
020012a0 00000058 T crt0FillMem32
020012f8 000000b4 T crt0SetupMPU
020013c0 t __crt0_end
020013c0 t __main_start
020013c0 T _init
020013d8 00000030 T exit
02001408 00000100 T main
02001508 t __do_global_dtors_aux
0200155c t frame_dummy
0200158c 000000a8 T drawBars
02001634 000000b8 T randomizeBars
020016ec 0000010c T countingSortVisual
020017f8 000000e0 t newRow
020018d8 000000e0 T consolePrintChar
020019b8 00000344 T con_write
02001cfc 000002e8 T consoleLoadFont
02001fe4 00000170 T consoleInit
02002154 00000040 T consoleDemoInit
02002194 0000006c T checkIfText
02002200 000000e8 T bgUpdate
020022e8 000000a8 T bgInit_call
02002390 000000b0 T bgInitSub_call
02002440 0000004c T sinLutLookup
0200248c 00000038 T sinLerp
020024c4 00000044 T cosLerp
02002508 0000009c T threadExit
020025a4 00000010 t _threadTickTask
020025b4 00000098 T _threadInit
0200264c 000000a4 T threadPrepare
020026f0 000000c8 T threadStart
020027b8 000000a0 T threadIrqWait
02002858 00000058 T threadSleepTicks
020028b0 0000001c t _tickCountIsr
020028cc 00000084 t _tickTaskSchedule.part.0.isra.0
02002950 000000a0 T tickInit
020029f0 0000005c T tickGetCount
02002a4c 00000110 t _tickTaskIsr
02002b5c 00000144 T tickTaskStart
02002ca0 00000014 T __syscall_getreent
02002cb4 00000024 T __errno
02002cd8 00000030 T __syscall_gettod_r
02002d08 00000004 T __syscall_lock_acquire
02002d0c 00000004 T __syscall_lock_release
02002d10 0000004c T __syscall_lock_acquire_recursive
02002d5c 00000018 T __syscall_lock_release_recursive
02002d74 00000004 t _pxiMailboxHandler
02002d78 00000004 W _pxiRecvUnhandled
02002d7c 00000154 t _pxiRecvIrqHandler
02002ed0 00000058 T _pxiInit
02002f28 00000074 T pxiSetHandler
02002f9c 00000068 T pxiSetMailbox
02003004 00000038 T pxiWaitRemote
0200303c 00000050 T pxiSendPacket
0200308c 00000004 W systemUserStartup
02003090 00000104 W systemStartup
02003194 00000064 T irqSet
020031f8 000001cc t threadUpdateDynamicPrio
020033c4 000001c8 t threadRemoveWaiter
0200358c 00000150 T mutexLock
020036dc 000000d0 T mutexUnlock
020037ac 00000098 T mailboxTrySend
02003844 00000098 T mailboxRecv
020038dc 00000040 t _pmCallEventHandlers
0200391c 000000a0 t _pmPxiThreadMain
020039bc 00000028 t _pmResetPxiHandler
020039e4 00000004 W systemUserExit
020039e8 00000004 W systemErrorExit
020039ec 00000138 T __syscall_exit
02003b24 00000058 T pmInit
02003b7c T __aeabi_idiv
02003b7c 00000128 T __divsi3
02003b84 t .divsi3_skip_div0_test
02003ca4 00000020 T __aeabi_idivmod
02003cc4 00000004 W __aeabi_idiv0
02003cc4 00000004 W __aeabi_ldiv0
02003cc8 T __aeabi_uldivmod
02003d04 00000140 T __udivmoddi4
02003e44 00000028 T __clzdi2
02003e6c 00000048 T __clzsi2
02003eb4 00000020 T srand
02003ed4 0000004c T rand
02003f20 00000090 T __libc_init_array
02003fb0 00000078 T siscanf
02004028 00000804 T _malloc_r
0200482c 0000011c T _malloc_trim_r
02004948 000002fc T _free_r
02004998 a __crt0_lma
02004c44 0000004c T time
02004c90 000000f4 T memset
02004d58 a __itcm_lma
02004d58 a __loadlist_lma
02004d84 00000018 T __malloc_lock
02004d9c 00000018 T __malloc_unlock
02004db4 00000010 W __call_exitprocs
02004dc4 0000029c T setvbuf
02005060 00000130 T memcpy
02005190 00000034 T iprintf
020051c4 0000004c T __sread
02005210 00000008 T __seofread
02005218 0000006c T __swrite
02005284 00000048 T __sseek
020052cc 00000014 T __sclose
020052e0 000005fc t get_arg
020058dc 00002344 T _vfiprintf_r
02007c20 000000b8 t __sbprintf
02007cd8 00000090 T strlen
02007d68 00000054 t get_arg
02007dbc 000000e8 T _sungetc_r
02007ea4 00000068 T __ssrefill_r
02007f0c 000000b8 T _sfread_r
02007fc4 000022d4 T __ssvfiscanf_r
0200a298 00000028 t stdio_exit_handler
0200a2c0 00000054 t cleanup_stdio
0200a314 00000158 t global_stdio_init.part.0
0200a46c 00000064 T __sinit
0200a4d0 00000018 T __sfp_lock_acquire
0200a4e8 00000018 T __sfp_lock_release
0200a500 000001f0 t _strtoul_l.isra.0
0200a6f0 00000038 T _strtoul_r
0200a728 00000078 T _fwalk_sglue
0200a7a0 00000034 T __sprint_r
0200a7d4 00000014 T iswspace
0200a7e8 00000028 T _localeconv_r
0200a810 0000002c T realloc
0200a83c 000000f4 T memchr
0200a930 000000ac T _wcrtomb_r
0200a9dc 00000388 t _strtol_l.part.0
0200ad64 00000070 T _strtol_r
0200add4 00000044 T __libc_fini_array
0200ae18 00000048 T malloc
0200ae60 00000024 T free
0200ae84 000000e8 T __sccl
0200af6c 00000248 T __sflush_r
0200b1b4 000000cc T _fflush_r
0200b280 00000168 T __smakebuf_r
0200b3e8 00000084 T __swhatbuf_r
0200b46c 0000051c T _realloc_r
0200b988 000000dc T strncpy
0200ba64 00000268 t _strtoull_l.isra.0
0200bccc 00000038 T _strtoull_r
0200bd04 0000002c T _wcsrtombs_r
0200bd30 000000d0 T _mbrtowc_r
0200be00 00000148 T __swsetup_r
0200bf48 000004b4 T __sfvwrite_r
0200c3fc 00000170 T memmove
0200c56c 00000040 T iswspace_l
0200c5ac 0000014c T _fclose_r
0200c6f8 0000049c t _strtoll_l.isra.0
0200cb94 00000038 T _strtoll_r
0200cbcc 00000028 T __locale_mb_cur_max
0200cbf4 000000bc T __submore
0200ccb0 00000188 T _memalign_r
0200ce38 0000016c T _wcsnrtombs_l
0200cfa4 00000068 T _wcsnrtombs_r
0200d00c 00000344 T __utf8_mbtowc
0200d350 00000098 T category
0200d3e8 000000f8 T __utf8_wctomb
0200d4e0 00000020 T _exit
0200d500 000000a0 T _fstat_r
0200d5a0 00000030 T __getreent
0200d5d0 00000034 T _gettimeofday_r
0200d604 0000005c T __get_handle
0200d660 00000118 T _close_r
0200d778 00000008 t null_write
0200d780 00000008 T _isatty_r
0200d788 00000098 T _lseek_r
0200d820 00000098 T _read_r
0200d8b8 00000078 W _sbrk_r
0200d930 00000020 T __libc_lock_acquire
0200d950 00000020 T __libc_lock_release
0200d970 00000020 T __libc_lock_acquire_recursive
0200d990 00000020 T __libc_lock_release_recursive
0200d9b0 00000098 T _write_r
0200da48 t .udivsi3_skip_div0_test
0200da48 T __aeabi_uidiv
0200da48 000000f4 T __udivsi3
0200db3c 00000020 T __aeabi_uidivmod
0200db5c T _fini
0200ddf4 00000080 t dotab_stdout
0200de74 T default_font_bin
0200e674 00000102 T SIN_LUT
0200e674 T default_font_bin_end
0200e88c 00000010 t zeroes.0
0200e89c 00000010 t blanks.1
0200e92c 00000022 t basefix.0
0200e950 00000101 T _ctype_
0200ea54 0000006c T __action_table
0200eac0 0000006c T __state_table
0200eb2c 00000100 T __chclass
0200ec2c 000035dc t categories
02012208 00000080 T dotab_stdnull
02012288 00000001 d firstConsoleInit.0
0201228c 00000004 D currentConsole
02012290 0000005c D defaultConsole
020122ec 00000020 D bgTransform
0201230c 00000020 D bgScrollTable
0201232c 00000020 D bgControl
0201234c 00000004 D __malloc_sbrk_base
02012350 00000004 D __malloc_trim_threshold
02012358 00000408 D __malloc_av_
02012760 0000000c D __sglue
0201276c 00000004 D _impure_ptr
02012770 00000140 D _impure_data
020128b0 0000016c D __global_locale
02012a20 00001000 d handles
02013a20 0000000c d __stderr_handle
02013a2c 0000000c d __stdout_handle
02013a38 0000000c d __stdin_handle
02013a44 0000008c D devoptab_list
02013ad0 r __EH_FRAME_BEGIN__
02013ad0 r __FRAME_END__
02013ad4 r __tls_info
02013ae0 d __frame_dummy_init_array_entry
02013ae0 d __init_array_start
02013ae0 d __preinit_array_end
02013ae0 d __preinit_array_start
02013ae4 d __do_global_dtors_aux_fini_array_entry
02013ae4 d __fini_array_start
02013ae4 d __init_array_end
02013ae8 d __fini_array_end
02013ae8 d __main_end
02013ae8 ? __tls_end
02013ae8 ? __tls_start
02013ae8 b completed.1
02013aec b object.0
02013b04 0000005c B currentCopy
02013b60 00000008 B bgIsTextLut
02013b68 00000140 B bgState
02013ca8 00000008 b s_sleepThreads
02013cb0 00000008 b s_joinThreads
02013cb8 00000070 b s_idleThread
02013d28 00000070 b s_mainThread
02013d98 00000004 b s_firstTask
02013da0 00000008 b s_highTickCount
02013da8 00000001 b s_tickInit
02013dac 00000004 b s_defaultErrno.0
02013db0 00000004 V __stacksize__
02013db4 00000001 B g_isTwlMode
02013db8 000001f0 b s_pxiChannels
02013fa8 00000004 b s_pxiRecvState
02013fac 00000008 b s_pxiRecvQueue
02013fb4 00000004 b s_pxiSendMutex
02013fb8 00000008 b s_mailboxRecvQueue
02013fc0 00000200 b s_pmPxiThreadStack
020141c0 00000070 b s_pmPxiThread
02014230 00000008 b s_pmState
02014238 00000028 B __malloc_current_mallinfo
02014260 00000004 B __malloc_max_total_mem
02014264 00000004 B __malloc_max_sbrked_mem
02014268 00000004 B __malloc_top_pad
0201426c 0000000c b __malloc_recursive_mutex
02014278 0000000c b __sfp_recursive_mutex
02014288 00000168 B __sf
020143f0 00000004 B __stdio_exit_handler
020143f4 00000004 b __hndl_lock
020143f8 00000004 B fake_heap_start
020143fc 00000004 B fake_heap_end
02014400 00000004 b heap_start.0
02014404 b __heap_start_ntr
02014404 b __main_bss_end
02014420 r __heap_start_twl
02014420 ? __twl_bss_end
02014420 ? __twl_end
02014420 ? __twl_start
02017b1c a __loadlist_start
02017b4c a __loadlist_end
02400000 a __twl_lma
02400000 a __twl_loadlist_lma
02400000 a __twl_loadlist_start
0240000c a __twl_loadlist_end
02ff0000 ? __dtcm_end
02ff0000 ? __dtcm_start
02ff0000 00000080 B __irq_table
02ff0080 00000018 B __sched_state
02ff0098 b __dtcm_bss_end
02ff3e80 d __sp_usr
02ff3f80 a __sp_irq
02ff3fc0 a __sp_svc
02ff3ff8 a __irq_flags
0e000800 00000198 T __ds9_bootstub
ffff0008 a __arm_excpt_svc
